#
# There is insufficient memory for the Java Runtime Environment to continue.
# Native memory allocation (malloc) failed to allocate 348016 bytes for Chunk::new
# Possible reasons:
#   The system is out of physical RAM or swap space
#   The process is running with CompressedOops enabled, and the Java Heap may be blocking the growth of the native heap
# Possible solutions:
#   Reduce memory load on the system
#   Increase physical memory or swap space
#   Check if swap backing store is full
#   Decrease Java heap size (-Xmx/-Xms)
#   Decrease number of Java threads
#   Decrease Java thread stack sizes (-Xss)
#   Set larger code cache with -XX:ReservedCodeCacheSize=
#   JVM is running with Unscaled Compressed Oops mode in which the Java heap is
#     placed in the first 4GB address space. The Java Heap base address is the
#     maximum limit for the native heap growth. Please use -XX:HeapBaseMinAddress
#     to set the Java Heap base and to place the Java Heap above 4GB virtual address.
# This output file may be truncated or incomplete.
#
#  Out of Memory Error (allocation.cpp:389), pid=8828, tid=0x00000000000022bc
#
# JRE version: OpenJDK Runtime Environment (8.0_202-b03) (build 1.8.0_202-release-1483-b03)
# Java VM: OpenJDK 64-Bit Server VM (25.202-b03 mixed mode windows-amd64 compressed oops)
# Failed to write core dump. Minidumps are not enabled by default on client versions of Windows
#

---------------  T H R E A D  ---------------

Current thread (0x0000000016822000):  JavaThread "C2 CompilerThread0" daemon [_thread_in_native, id=8892, stack(0x0000000017e90000,0x0000000017f90000)]

Stack: [0x0000000017e90000,0x0000000017f90000]
[error occurred during error reporting (printing stack bounds), id 0xc0000005]

Native frames: (J=compiled Java code, j=interpreted, Vv=VM code, C=native code)


Current CompileTask:
C2:   8044 1449   !   4       java.net.URLClassLoader$1::run (63 bytes)


---------------  P R O C E S S  ---------------

Java Threads: ( => current thread )
  0x000000001b47a000 JavaThread "Cache worker for file hash cache (D:\Study\Android\121\photo-editor-master\.gradle\4.7\fileHashes)" [_thread_blocked, id=7452, stack(0x000000001c3b0000,0x000000001c4b0000)]
  0x00000000199ed800 JavaThread "File lock request listener" [_thread_in_native, id=7164, stack(0x000000001c2b0000,0x000000001c3b0000)]
  0x0000000018ae8800 JavaThread "Cache worker for file hash cache (C:\Users\ADMIN\.gradle\caches\4.7\fileHashes)" [_thread_blocked, id=7528, stack(0x000000001bfb0000,0x000000001c0b0000)]
  0x0000000018510800 JavaThread "Stdin handler" [_thread_blocked, id=10044, stack(0x000000001aee0000,0x000000001afe0000)]
  0x0000000018509000 JavaThread "Asynchronous log dispatcher for DefaultDaemonConnection: socket connection from /127.0.0.1:3184 to /127.0.0.1:3185" [_thread_blocked, id=3000, stack(0x000000001ade0000,0x000000001aee0000)]
  0x000000001847d800 JavaThread "Daemon worker" [_thread_in_Java, id=9636, stack(0x000000001ace0000,0x000000001ade0000)]
  0x0000000018478800 JavaThread "Cancel handler" [_thread_blocked, id=8152, stack(0x000000001abe0000,0x000000001ace0000)]
  0x000000001845b000 JavaThread "Handler for socket connection from /127.0.0.1:3184 to /127.0.0.1:3185" [_thread_in_native, id=5860, stack(0x000000001a8e0000,0x000000001a9e0000)]
  0x0000000018d99800 JavaThread "Daemon" [_thread_blocked, id=1056, stack(0x000000001a7e0000,0x000000001a8e0000)]
  0x0000000018290000 JavaThread "Daemon periodic checks" [_thread_blocked, id=7192, stack(0x000000001a6e0000,0x000000001a7e0000)]
  0x0000000019075800 JavaThread "Incoming local TCP Connector on port 3184" [_thread_in_native, id=5132, stack(0x000000001a4a0000,0x000000001a5a0000)]
  0x00000000181c8800 JavaThread "Service Thread" daemon [_thread_blocked, id=6500, stack(0x0000000018590000,0x0000000018690000)]
  0x0000000016836800 JavaThread "C1 CompilerThread2" daemon [_thread_blocked, id=11104, stack(0x0000000018090000,0x0000000018190000)]
  0x0000000016828000 JavaThread "C2 CompilerThread1" daemon [_thread_in_native, id=11916, stack(0x0000000017f90000,0x0000000018090000)]
=>0x0000000016822000 JavaThread "C2 CompilerThread0" daemon [_thread_in_native, id=8892, stack(0x0000000017e90000,0x0000000017f90000)]
  0x0000000016820000 JavaThread "Attach Listener" daemon [_thread_blocked, id=11252, stack(0x0000000017d90000,0x0000000017e90000)]
  0x000000001681d000 JavaThread "Signal Dispatcher" daemon [_thread_blocked, id=1080, stack(0x0000000017c90000,0x0000000017d90000)]
  0x0000000002eac000 JavaThread "Finalizer" daemon [_thread_blocked, id=5724, stack(0x0000000017a90000,0x0000000017b90000)]
  0x0000000016809000 JavaThread "Reference Handler" daemon [_thread_blocked, id=10848, stack(0x0000000017990000,0x0000000017a90000)]
  0x0000000002db2800 JavaThread "main" [_thread_blocked, id=8556, stack(0x0000000002c00000,0x0000000002d00000)]

Other Threads:
  0x00000000167e6800 VMThread [stack: 0x0000000017890000,0x0000000017990000] [id=6356]
  0x000000001687d800 WatcherThread [stack: 0x0000000018690000,0x0000000018790000] [id=2112]

VM state:not at safepoint (normal execution)

VM Mutex/Monitor currently owned by a thread: None

heap address: 0x00000000a0000000, size: 1536 MB, Compressed Oops mode: 32-bit
Narrow klass base: 0x0000000000000000, Narrow klass shift: 3
Compressed class space size: 1073741824 Address: 0x0000000100000000

Heap:
 PSYoungGen      total 71680K, used 58454K [0x00000000e0000000, 0x00000000e4b00000, 0x0000000100000000)
  eden space 66560K, 80% used [0x00000000e0000000,0x00000000e34161a8,0x00000000e4100000)
  from space 5120K, 99% used [0x00000000e4600000,0x00000000e4affa48,0x00000000e4b00000)
  to   space 5120K, 0% used [0x00000000e4100000,0x00000000e4100000,0x00000000e4600000)
 ParOldGen       total 87552K, used 122K [0x00000000a0000000, 0x00000000a5580000, 0x00000000e0000000)
  object space 87552K, 0% used [0x00000000a0000000,0x00000000a001e998,0x00000000a5580000)
 Metaspace       used 15649K, capacity 15954K, committed 16256K, reserved 1062912K
  class space    used 2230K, capacity 2325K, committed 2432K, reserved 1048576K

Card table byte_map: [0x0000000012270000,0x0000000012580000] byte_map_base: 0x0000000011d70000

Marking Bits: (ParMarkBitMap*) 0x000000005ec49f30
 Begin Bits: [0x0000000012b80000, 0x0000000014380000)
 End Bits:   [0x0000000014380000, 0x0000000015b80000)

Polling page: 0x00000000010f0000

CodeCache: size=245760Kb used=5155Kb max_used=5155Kb free=240604Kb
 bounds [0x0000000002eb0000, 0x00000000033c0000, 0x0000000011eb0000]
 total_blobs=1842 nmethods=1464 adapters=291
 compilation: enabled

Compilation events (10 events):
Event: 7.848 Thread 0x0000000016836800 1462       3       java.util.jar.JarFile::maybeInstantiateVerifier (96 bytes)
Event: 7.849 Thread 0x0000000016836800 nmethod 1462 0x00000000033b7390 code [0x00000000033b75c0, 0x00000000033b8268]
Event: 7.920 Thread 0x0000000016836800 1463       3       org.objectweb.asm.SymbolTable::get (13 bytes)
Event: 7.920 Thread 0x0000000016836800 nmethod 1463 0x00000000033b9510 code [0x00000000033b9660, 0x00000000033b97f0]
Event: 7.935 Thread 0x0000000016836800 1464       3       java.util.regex.Pattern$Ctype::isSatisfiedBy (24 bytes)
Event: 7.935 Thread 0x0000000016836800 nmethod 1464 0x00000000033b98d0 code [0x00000000033b9a40, 0x00000000033b9dd0]
Event: 7.985 Thread 0x0000000016836800 1465       3       java.util.jar.Manifest$FastInputStream::fill (38 bytes)
Event: 7.985 Thread 0x0000000016836800 nmethod 1465 0x00000000033b9f50 code [0x00000000033ba0c0, 0x00000000033ba348]
Event: 8.000 Thread 0x0000000016836800 1466   !   3       org.gradle.internal.service.DefaultServiceRegistry$ParentServices::getService (55 bytes)
Event: 8.001 Thread 0x0000000016836800 nmethod 1466 0x00000000033ba410 code [0x00000000033ba600, 0x00000000033baf58]

GC Heap History (4 events):
Event: 2.472 GC heap before
{Heap before GC invocations=1 (full 0):
 PSYoungGen      total 38400K, used 33280K [0x00000000e0000000, 0x00000000e2a80000, 0x0000000100000000)
  eden space 33280K, 100% used [0x00000000e0000000,0x00000000e2080000,0x00000000e2080000)
  from space 5120K, 0% used [0x00000000e2580000,0x00000000e2580000,0x00000000e2a80000)
  to   space 5120K, 0% used [0x00000000e2080000,0x00000000e2080000,0x00000000e2580000)
 ParOldGen       total 87552K, used 0K [0x00000000a0000000, 0x00000000a5580000, 0x00000000e0000000)
  object space 87552K, 0% used [0x00000000a0000000,0x00000000a0000000,0x00000000a5580000)
 Metaspace       used 6637K, capacity 6768K, committed 7040K, reserved 1056768K
  class space    used 811K, capacity 876K, committed 896K, reserved 1048576K
Event: 2.578 GC heap after
Heap after GC invocations=1 (full 0):
 PSYoungGen      total 38400K, used 4165K [0x00000000e0000000, 0x00000000e4b00000, 0x0000000100000000)
  eden space 33280K, 0% used [0x00000000e0000000,0x00000000e0000000,0x00000000e2080000)
  from space 5120K, 81% used [0x00000000e2080000,0x00000000e24914c8,0x00000000e2580000)
  to   space 5120K, 0% used [0x00000000e4600000,0x00000000e4600000,0x00000000e4b00000)
 ParOldGen       total 87552K, used 8K [0x00000000a0000000, 0x00000000a5580000, 0x00000000e0000000)
  object space 87552K, 0% used [0x00000000a0000000,0x00000000a0002000,0x00000000a5580000)
 Metaspace       used 6637K, capacity 6768K, committed 7040K, reserved 1056768K
  class space    used 811K, capacity 876K, committed 896K, reserved 1048576K
}
Event: 6.631 GC heap before
{Heap before GC invocations=2 (full 0):
 PSYoungGen      total 38400K, used 37445K [0x00000000e0000000, 0x00000000e4b00000, 0x0000000100000000)
  eden space 33280K, 100% used [0x00000000e0000000,0x00000000e2080000,0x00000000e2080000)
  from space 5120K, 81% used [0x00000000e2080000,0x00000000e24914c8,0x00000000e2580000)
  to   space 5120K, 0% used [0x00000000e4600000,0x00000000e4600000,0x00000000e4b00000)
 ParOldGen       total 87552K, used 8K [0x00000000a0000000, 0x00000000a5580000, 0x00000000e0000000)
  object space 87552K, 0% used [0x00000000a0000000,0x00000000a0002000,0x00000000a5580000)
 Metaspace       used 10721K, capacity 10884K, committed 11008K, reserved 1058816K
  class space    used 1413K, capacity 1518K, committed 1536K, reserved 1048576K
Event: 6.639 GC heap after
Heap after GC invocations=2 (full 0):
 PSYoungGen      total 71680K, used 5118K [0x00000000e0000000, 0x00000000e4b00000, 0x0000000100000000)
  eden space 66560K, 0% used [0x00000000e0000000,0x00000000e0000000,0x00000000e4100000)
  from space 5120K, 99% used [0x00000000e4600000,0x00000000e4affa48,0x00000000e4b00000)
  to   space 5120K, 0% used [0x00000000e4100000,0x00000000e4100000,0x00000000e4600000)
 ParOldGen       total 87552K, used 122K [0x00000000a0000000, 0x00000000a5580000, 0x00000000e0000000)
  object space 87552K, 0% used [0x00000000a0000000,0x00000000a001e998,0x00000000a5580000)
 Metaspace       used 10721K, capacity 10884K, committed 11008K, reserved 1058816K
  class space    used 1413K, capacity 1518K, committed 1536K, reserved 1048576K
}

Deoptimization events (10 events):
Event: 6.747 Thread 0x000000001845b000 Uncommon trap: reason=unstable_if action=reinterpret pc=0x000000000326fcf0 method=java.util.concurrent.ConcurrentHashMap.putVal(Ljava/lang/Object;Ljava/lang/Object;Z)Ljava/lang/Object; @ 206
Event: 6.840 Thread 0x000000001847d800 Uncommon trap: reason=bimorphic action=maybe_recompile pc=0x00000000031f5bec method=java.util.HashMap.putVal(ILjava/lang/Object;Ljava/lang/Object;ZZ)Ljava/lang/Object; @ 253
Event: 6.841 Thread 0x000000001847d800 Uncommon trap: reason=bimorphic action=maybe_recompile pc=0x00000000031f5bec method=java.util.HashMap.putVal(ILjava/lang/Object;Ljava/lang/Object;ZZ)Ljava/lang/Object; @ 253
Event: 6.841 Thread 0x000000001847d800 Uncommon trap: reason=bimorphic action=maybe_recompile pc=0x00000000031f5bec method=java.util.HashMap.putVal(ILjava/lang/Object;Ljava/lang/Object;ZZ)Ljava/lang/Object; @ 253
Event: 7.278 Thread 0x000000001847d800 Uncommon trap: reason=class_check action=maybe_recompile pc=0x00000000031605c4 method=java.util.regex.Matcher.match(II)Z @ 86
Event: 7.278 Thread 0x000000001847d800 Uncommon trap: reason=class_check action=maybe_recompile pc=0x00000000031605c4 method=java.util.regex.Matcher.match(II)Z @ 86
Event: 7.380 Thread 0x000000001847d800 Uncommon trap: reason=class_check action=maybe_recompile pc=0x00000000031605c4 method=java.util.regex.Matcher.match(II)Z @ 86
Event: 7.391 Thread 0x000000001847d800 Uncommon trap: reason=class_check action=maybe_recompile pc=0x0000000003128edc method=java.util.regex.Matcher.match(II)Z @ 86
Event: 7.451 Thread 0x000000001847d800 Uncommon trap: reason=unstable_if action=reinterpret pc=0x00000000033545f4 method=java.lang.String.lastIndexOf([CII[CIII)I @ 66
Event: 7.801 Thread 0x000000001847d800 Uncommon trap: reason=unstable_if action=reinterpret pc=0x000000000337335c method=java.util.jar.JarFile.maybeInstantiateVerifier()V @ 21

Classes redefined (0 events):
No events

Internal exceptions (10 events):
Event: 3.501 Thread 0x0000000002db2800 Exception <a 'java/lang/NoSuchFieldError': method resolution failed> (0x00000000e1939ba0) thrown at [D:\src\AOSP-openjdk-cygwin\jdk8u\hotspot\src\share\vm\prims\methodHandles.cpp, line 1167]
Event: 6.658 Thread 0x0000000002db2800 Exception <a 'java/io/IOException'> (0x00000000e00fcc78) thrown at [D:\src\AOSP-openjdk-cygwin\jdk8u\hotspot\src\share\vm\prims\jni.cpp, line 710]
Event: 6.748 Thread 0x000000001845b000 Exception <a 'java/lang/NoSuchMethodError': <clinit>> (0x00000000e04191a0) thrown at [D:\src\AOSP-openjdk-cygwin\jdk8u\hotspot\src\share\vm\prims\jni.cpp, line 1614]
Event: 6.749 Thread 0x000000001845b000 Exception <a 'java/lang/NoSuchMethodError': <clinit>> (0x00000000e0422f50) thrown at [D:\src\AOSP-openjdk-cygwin\jdk8u\hotspot\src\share\vm\prims\jni.cpp, line 1614]
Event: 6.755 Thread 0x000000001845b000 Exception <a 'java/lang/NoSuchMethodError': <clinit>> (0x00000000e042dc08) thrown at [D:\src\AOSP-openjdk-cygwin\jdk8u\hotspot\src\share\vm\prims\jni.cpp, line 1614]
Event: 6.767 Thread 0x000000001845b000 Exception <a 'java/lang/NoSuchMethodError': <clinit>> (0x00000000e047d408) thrown at [D:\src\AOSP-openjdk-cygwin\jdk8u\hotspot\src\share\vm\prims\jni.cpp, line 1614]
Event: 6.773 Thread 0x000000001845b000 Exception <a 'java/lang/NoSuchMethodError': <clinit>> (0x00000000e04ada38) thrown at [D:\src\AOSP-openjdk-cygwin\jdk8u\hotspot\src\share\vm\prims\jni.cpp, line 1614]
Event: 6.780 Thread 0x000000001845b000 Exception <a 'java/lang/NoSuchMethodError': <clinit>> (0x00000000e04e4248) thrown at [D:\src\AOSP-openjdk-cygwin\jdk8u\hotspot\src\share\vm\prims\jni.cpp, line 1614]
Event: 6.783 Thread 0x000000001845b000 Exception <a 'java/lang/NoSuchMethodError': <clinit>> (0x00000000e04ef670) thrown at [D:\src\AOSP-openjdk-cygwin\jdk8u\hotspot\src\share\vm\prims\jni.cpp, line 1614]
Event: 7.801 Thread 0x000000001847d800 Implicit null exception at 0x0000000003372f7b to 0x000000000337334d

Events (10 events):
Event: 8.005 loading class org/gradle/api/internal/file/TmpDirTemporaryFileProvider$1
Event: 8.005 loading class org/gradle/api/internal/file/TmpDirTemporaryFileProvider$1 done
Event: 8.006 loading class org/gradle/internal/resource/local/UniquePathKeyFileStore
Event: 8.006 loading class org/gradle/internal/resource/local/UniquePathKeyFileStore done
Event: 8.023 loading class org/gradle/internal/resource/local/DefaultPathKeyFileStore
Event: 8.023 loading class org/gradle/internal/resource/local/DefaultPathKeyFileStore done
Event: 8.024 loading class org/gradle/internal/resource/local/LocallyAvailableResource
Event: 8.024 loading class org/gradle/internal/resource/local/LocallyAvailableResource done
Event: 8.024 loading class org/gradle/api/internal/file/collections/MinimalFileTree
Event: 8.024 loading class org/gradle/api/internal/file/collections/MinimalFileTree done


Dynamic libraries:
0x00007ff70d680000 - 0x00007ff70d6b1000 	E:\Program Files\Android\Android Studio\jre\bin\java.exe
0x00007ffcd9750000 - 0x00007ffcd993d000 	C:\Windows\SYSTEM32\ntdll.dll
0x00007ffcd8c70000 - 0x00007ffcd8d23000 	C:\Windows\System32\KERNEL32.DLL
0x00007ffcd58d0000 - 0x00007ffcd5b63000 	C:\Windows\System32\KERNELBASE.dll
0x00007ffcd88c0000 - 0x00007ffcd8963000 	C:\Windows\System32\ADVAPI32.dll
0x00007ffcd9450000 - 0x00007ffcd94ee000 	C:\Windows\System32\msvcrt.dll
0x00007ffcd91b0000 - 0x00007ffcd924e000 	C:\Windows\System32\sechost.dll
0x00007ffcd85f0000 - 0x00007ffcd8712000 	C:\Windows\System32\RPCRT4.dll
0x00007ffcd92b0000 - 0x00007ffcd9447000 	C:\Windows\System32\USER32.dll
0x00007ffcd6440000 - 0x00007ffcd6460000 	C:\Windows\System32\win32u.dll
0x00007ffcd8c30000 - 0x00007ffcd8c59000 	C:\Windows\System32\GDI32.dll
0x00007ffcd65e0000 - 0x00007ffcd677a000 	C:\Windows\System32\gdi32full.dll
0x00007ffcd63a0000 - 0x00007ffcd6440000 	C:\Windows\System32\msvcp_win.dll
0x00007ffcd64e0000 - 0x00007ffcd65da000 	C:\Windows\System32\ucrtbase.dll
0x00007ffcc32f0000 - 0x00007ffcc3569000 	C:\Windows\WinSxS\amd64_microsoft.windows.common-controls_6595b64144ccf1df_6.0.17763.379_none_05b83be8071c94a1\COMCTL32.dll
0x00007ffcd8090000 - 0x00007ffcd83bd000 	C:\Windows\System32\combase.dll
0x00007ffcd6460000 - 0x00007ffcd64de000 	C:\Windows\System32\bcryptPrimitives.dll
0x00007ffcd8970000 - 0x00007ffcd899e000 	C:\Windows\System32\IMM32.DLL
0x000000005e3a0000 - 0x000000005e472000 	E:\Program Files\Android\Android Studio\jre\jre\bin\msvcr100.dll
0x000000005e480000 - 0x000000005ecc6000 	E:\Program Files\Android\Android Studio\jre\jre\bin\server\jvm.dll
0x00007ffcd8c60000 - 0x00007ffcd8c68000 	C:\Windows\System32\PSAPI.DLL
0x00007ffcd2ec0000 - 0x00007ffcd2ec9000 	C:\Windows\SYSTEM32\WSOCK32.dll
0x00007ffcd8850000 - 0x00007ffcd88bd000 	C:\Windows\System32\WS2_32.dll
0x00007ffcd1c80000 - 0x00007ffcd1ca4000 	C:\Windows\SYSTEM32\WINMM.dll
0x00007ffcc8020000 - 0x00007ffcc802a000 	C:\Windows\SYSTEM32\VERSION.dll
0x00007ffcd1c50000 - 0x00007ffcd1c7d000 	C:\Windows\SYSTEM32\winmmbase.dll
0x00007ffcd5820000 - 0x00007ffcd586a000 	C:\Windows\System32\cfgmgr32.dll
0x00007ffcd2e70000 - 0x00007ffcd2e7f000 	E:\Program Files\Android\Android Studio\jre\jre\bin\verify.dll
0x00007ffcd1340000 - 0x00007ffcd1369000 	E:\Program Files\Android\Android Studio\jre\jre\bin\java.dll
0x00007ffcd2e50000 - 0x00007ffcd2e66000 	E:\Program Files\Android\Android Studio\jre\jre\bin\zip.dll
0x00007ffcd6b90000 - 0x00007ffcd8080000 	C:\Windows\System32\SHELL32.dll
0x00007ffcd87a0000 - 0x00007ffcd8848000 	C:\Windows\System32\shcore.dll
0x00007ffcd5b70000 - 0x00007ffcd62ba000 	C:\Windows\System32\windows.storage.dll
0x00007ffcd57f0000 - 0x00007ffcd5814000 	C:\Windows\System32\profapi.dll
0x00007ffcd5770000 - 0x00007ffcd57cd000 	C:\Windows\System32\powrprof.dll
0x00007ffcd8bd0000 - 0x00007ffcd8c22000 	C:\Windows\System32\shlwapi.dll
0x00007ffcd5750000 - 0x00007ffcd5761000 	C:\Windows\System32\kernel.appcore.dll
0x00007ffcd6960000 - 0x00007ffcd6977000 	C:\Windows\System32\cryptsp.dll
0x00007ffccff50000 - 0x00007ffccff6a000 	E:\Program Files\Android\Android Studio\jre\jre\bin\net.dll
0x00007ffcd4fd0000 - 0x00007ffcd5037000 	C:\Windows\system32\mswsock.dll
0x00007ffccff30000 - 0x00007ffccff41000 	E:\Program Files\Android\Android Studio\jre\jre\bin\nio.dll
0x00007ffcc7650000 - 0x00007ffcc766e000 	C:\Users\ADMIN\.gradle\native\25\windows-amd64\native-platform.dll
0x00007ffcd1330000 - 0x00007ffcd133d000 	E:\Program Files\Android\Android Studio\jre\jre\bin\management.dll
0x00007ffcd4b90000 - 0x00007ffcd4bc3000 	C:\Windows\system32\rsaenh.dll
0x00007ffcd6370000 - 0x00007ffcd6396000 	C:\Windows\System32\bcrypt.dll
0x00007ffcd5650000 - 0x00007ffcd5678000 	C:\Windows\SYSTEM32\USERENV.dll
0x00007ffcd51a0000 - 0x00007ffcd51ac000 	C:\Windows\SYSTEM32\CRYPTBASE.dll
0x00007ffcd4d30000 - 0x00007ffcd4d6d000 	C:\Windows\SYSTEM32\IPHLPAPI.DLL
0x00007ffcd6980000 - 0x00007ffcd6988000 	C:\Windows\System32\NSI.dll
0x00007ffccb3b0000 - 0x00007ffccb3c6000 	C:\Windows\SYSTEM32\dhcpcsvc6.DLL
0x00007ffccb480000 - 0x00007ffccb49c000 	C:\Windows\SYSTEM32\dhcpcsvc.DLL
0x00007ffcd4d70000 - 0x00007ffcd4e36000 	C:\Windows\SYSTEM32\DNSAPI.dll

VM Arguments:
jvm_args: -Xmx1536m -Dfile.encoding=windows-1252 -Duser.country=US -Duser.language=en -Duser.variant 
java_command: org.gradle.launcher.daemon.bootstrap.GradleDaemon 4.7
java_class_path (initial): C:\Users\ADMIN\.gradle\wrapper\dists\gradle-4.7-all\4cret0dgl5o3b21weaoncl7ys\gradle-4.7\lib\gradle-launcher-4.7.jar
Launcher Type: SUN_STANDARD

Environment Variables:
JAVA_HOME=E:\Program Files\Java\jdk1.8.0_231
USERNAME=Hiep Nguyen
OS=Windows_NT
PROCESSOR_IDENTIFIER=Intel64 Family 6 Model 78 Stepping 3, GenuineIntel



---------------  S Y S T E M  ---------------

OS: Windows 10.0 , 64 bit Build 17763 (10.0.17763.379)

CPU:total 4 (initial active 4) (2 cores per cpu, 2 threads per core) family 6 model 78 stepping 3, cmov, cx8, fxsr, mmx, sse, sse2, sse3, ssse3, sse4.1, sse4.2, popcnt, avx, avx2, aes, clmul, erms, 3dnowpref, lzcnt, ht, tsc, tscinvbit, bmi1, bmi2, adx

Memory: 4k page, physical 8292264k(1805172k free), swap 17128256k(7188k free)

vm_info: OpenJDK 64-Bit Server VM (25.202-b03) for windows-amd64 JRE (1.8.0_202-release-1483-b03), built by "builder" with MS VC++ 10.0 (VS2010)

time: Tue Dec 24 13:14:51 2019
timezone: SE Asia Standard Time
elapsed time: 8 seconds (0d 0h 0m 8s)

