#
# There is insufficient memory for the Java Runtime Environment to continue.
# Native memory allocation (malloc) failed to allocate 2299696 bytes for Chunk::new
# Possible reasons:
#   The system is out of physical RAM or swap space
#   The process is running with CompressedOops enabled, and the Java Heap may be blocking the growth of the native heap
# Possible solutions:
#   Reduce memory load on the system
#   Increase physical memory or swap space
#   Check if swap backing store is full
#   Decrease Java heap size (-Xmx/-Xms)
#   Decrease number of Java threads
#   Decrease Java thread stack sizes (-Xss)
#   Set larger code cache with -XX:ReservedCodeCacheSize=
#   JVM is running with Unscaled Compressed Oops mode in which the Java heap is
#     placed in the first 4GB address space. The Java Heap base address is the
#     maximum limit for the native heap growth. Please use -XX:HeapBaseMinAddress
#     to set the Java Heap base and to place the Java Heap above 4GB virtual address.
# This output file may be truncated or incomplete.
#
#  Out of Memory Error (allocation.cpp:389), pid=3228, tid=0x0000000000001d24
#
# JRE version: OpenJDK Runtime Environment (8.0_202-b03) (build 1.8.0_202-release-1483-b03)
# Java VM: OpenJDK 64-Bit Server VM (25.202-b03 mixed mode windows-amd64 compressed oops)
# Failed to write core dump. Minidumps are not enabled by default on client versions of Windows
#

---------------  T H R E A D  ---------------

Current thread (0x0000000016150800):  JavaThread "C2 CompilerThread0" daemon [_thread_in_native, id=7460, stack(0x00000000177c0000,0x00000000178c0000)]

Stack: [0x00000000177c0000,0x00000000178c0000]
[error occurred during error reporting (printing stack bounds), id 0xc0000005]

Native frames: (J=compiled Java code, j=interpreted, Vv=VM code, C=native code)


Current CompileTask:
C2:  12131 1770   !   4       java.net.URLClassLoader$1::run (63 bytes)


---------------  P R O C E S S  ---------------

Java Threads: ( => current thread )
  0x000000001b4e6800 JavaThread "Cache worker for file hash cache (D:\Study\Android\121\photo-editor-master\.gradle\4.7\fileHashes)" [_thread_blocked, id=8204, stack(0x000000001ccb0000,0x000000001cdb0000)]
  0x00000000193ef800 JavaThread "File lock request listener" [_thread_in_native, id=8808, stack(0x000000001bbe0000,0x000000001bce0000)]
  0x000000001b343800 JavaThread "Cache worker for file hash cache (C:\Users\ADMIN\.gradle\caches\4.7\fileHashes)" [_thread_blocked, id=7744, stack(0x000000001b8e0000,0x000000001b9e0000)]
  0x0000000017b82800 JavaThread "Stdin handler" [_thread_blocked, id=10216, stack(0x000000001a810000,0x000000001a910000)]
  0x0000000017d9c800 JavaThread "Asynchronous log dispatcher for DefaultDaemonConnection: socket connection from /127.0.0.1:2543 to /127.0.0.1:2544" [_thread_blocked, id=1824, stack(0x000000001a710000,0x000000001a810000)]
  0x0000000017d98000 JavaThread "Daemon worker" [_thread_in_vm, id=2132, stack(0x000000001a610000,0x000000001a710000)]
  0x0000000017d97000 JavaThread "Cancel handler" [_thread_blocked, id=10148, stack(0x000000001a510000,0x000000001a610000)]
  0x0000000017d59800 JavaThread "Handler for socket connection from /127.0.0.1:2543 to /127.0.0.1:2544" [_thread_in_native, id=8180, stack(0x000000001a210000,0x000000001a310000)]
  0x0000000017d57000 JavaThread "Daemon" [_thread_blocked, id=8476, stack(0x000000001a110000,0x000000001a210000)]
  0x0000000017d42000 JavaThread "Daemon periodic checks" [_thread_blocked, id=7300, stack(0x000000001a010000,0x000000001a110000)]
  0x0000000017afd000 JavaThread "Incoming local TCP Connector on port 2543" [_thread_in_native, id=8880, stack(0x0000000019dd0000,0x0000000019ed0000)]
  0x0000000017aec800 JavaThread "Service Thread" daemon [_thread_blocked, id=228, stack(0x0000000017ec0000,0x0000000017fc0000)]
  0x000000001615e000 JavaThread "C1 CompilerThread2" daemon [_thread_blocked, id=4964, stack(0x00000000179c0000,0x0000000017ac0000)]
  0x0000000016156000 JavaThread "C2 CompilerThread1" daemon [_thread_in_native, id=10956, stack(0x00000000178c0000,0x00000000179c0000)]
=>0x0000000016150800 JavaThread "C2 CompilerThread0" daemon [_thread_in_native, id=7460, stack(0x00000000177c0000,0x00000000178c0000)]
  0x000000001614e000 JavaThread "Attach Listener" daemon [_thread_blocked, id=2176, stack(0x00000000176c0000,0x00000000177c0000)]
  0x000000001614c800 JavaThread "Signal Dispatcher" daemon [_thread_blocked, id=956, stack(0x00000000175c0000,0x00000000176c0000)]
  0x00000000027dc000 JavaThread "Finalizer" daemon [_thread_blocked, id=3680, stack(0x00000000173c0000,0x00000000174c0000)]
  0x0000000016139000 JavaThread "Reference Handler" daemon [_thread_blocked, id=4004, stack(0x00000000172c0000,0x00000000173c0000)]
  0x00000000026e2800 JavaThread "main" [_thread_blocked, id=8164, stack(0x00000000025e0000,0x00000000026e0000)]

Other Threads:
  0x0000000016116800 VMThread [stack: 0x00000000171c0000,0x00000000172c0000] [id=7776]
  0x0000000017b05000 WatcherThread [stack: 0x0000000017fc0000,0x00000000180c0000] [id=7212]

VM state:not at safepoint (normal execution)

VM Mutex/Monitor currently owned by a thread: None

heap address: 0x00000000a0000000, size: 1536 MB, Compressed Oops mode: 32-bit
Narrow klass base: 0x0000000000000000, Narrow klass shift: 3
Compressed class space size: 1073741824 Address: 0x0000000100000000

Heap:
 PSYoungGen      total 71680K, used 31076K [0x00000000e0000000, 0x00000000e4b00000, 0x0000000100000000)
  eden space 66560K, 46% used [0x00000000e0000000,0x00000000e1e591d8,0x00000000e4100000)
  from space 5120K, 0% used [0x00000000e4600000,0x00000000e4600000,0x00000000e4b00000)
  to   space 5120K, 0% used [0x00000000e4100000,0x00000000e4100000,0x00000000e4600000)
 ParOldGen       total 53760K, used 7601K [0x00000000a0000000, 0x00000000a3480000, 0x00000000e0000000)
  object space 53760K, 14% used [0x00000000a0000000,0x00000000a076c5b0,0x00000000a3480000)
 Metaspace       used 23226K, capacity 23590K, committed 23808K, reserved 1073152K
  class space    used 3171K, capacity 3300K, committed 3328K, reserved 1048576K

Card table byte_map: [0x0000000011ba0000,0x0000000011eb0000] byte_map_base: 0x00000000116a0000

Marking Bits: (ParMarkBitMap*) 0x0000000050929f30
 Begin Bits: [0x00000000124b0000, 0x0000000013cb0000)
 End Bits:   [0x0000000013cb0000, 0x00000000154b0000)

Polling page: 0x0000000000ca0000

CodeCache: size=245760Kb used=7497Kb max_used=7497Kb free=238262Kb
 bounds [0x00000000027e0000, 0x0000000002f40000, 0x00000000117e0000]
 total_blobs=2515 nmethods=1875 adapters=553
 compilation: enabled

Compilation events (10 events):
Event: 11.999 Thread 0x000000001615e000 1923       3       org.gradle.internal.service.DefaultServiceRegistry$FactoryMethodService::<init> (29 bytes)
Event: 12.000 Thread 0x000000001615e000 nmethod 1923 0x0000000002f34090 code [0x0000000002f34260, 0x0000000002f34aa8]
Event: 12.000 Thread 0x000000001615e000 1924       3       org.gradle.internal.service.DefaultServiceRegistry$SingletonService::getAll (23 bytes)
Event: 12.000 Thread 0x000000001615e000 nmethod 1924 0x0000000002f35150 code [0x0000000002f352e0, 0x0000000002f35628]
Event: 12.073 Thread 0x000000001615e000 1925       3       org.gradle.internal.service.DefaultServiceRegistry::access$1300 (4 bytes)
Event: 12.073 Thread 0x000000001615e000 nmethod 1925 0x0000000002f35750 code [0x0000000002f358a0, 0x0000000002f359d0]
Event: 12.090 Thread 0x000000001615e000 1926       3       java.lang.Long::bitCount (61 bytes)
Event: 12.090 Thread 0x000000001615e000 nmethod 1926 0x0000000002f35a50 code [0x0000000002f35ba0, 0x0000000002f35d50]
Event: 12.116 Thread 0x000000001615e000 1928       3       java.util.HashMap::get (23 bytes)
Event: 12.117 Thread 0x000000001615e000 nmethod 1928 0x0000000002f35dd0 code [0x0000000002f35f60, 0x0000000002f36358]

GC Heap History (10 events):
Event: 1.861 GC heap before
{Heap before GC invocations=1 (full 0):
 PSYoungGen      total 38400K, used 33280K [0x00000000e0000000, 0x00000000e2a80000, 0x0000000100000000)
  eden space 33280K, 100% used [0x00000000e0000000,0x00000000e2080000,0x00000000e2080000)
  from space 5120K, 0% used [0x00000000e2580000,0x00000000e2580000,0x00000000e2a80000)
  to   space 5120K, 0% used [0x00000000e2080000,0x00000000e2080000,0x00000000e2580000)
 ParOldGen       total 87552K, used 0K [0x00000000a0000000, 0x00000000a5580000, 0x00000000e0000000)
  object space 87552K, 0% used [0x00000000a0000000,0x00000000a0000000,0x00000000a5580000)
 Metaspace       used 6647K, capacity 6768K, committed 7040K, reserved 1056768K
  class space    used 811K, capacity 876K, committed 896K, reserved 1048576K
Event: 1.938 GC heap after
Heap after GC invocations=1 (full 0):
 PSYoungGen      total 38400K, used 4166K [0x00000000e0000000, 0x00000000e4b00000, 0x0000000100000000)
  eden space 33280K, 0% used [0x00000000e0000000,0x00000000e0000000,0x00000000e2080000)
  from space 5120K, 81% used [0x00000000e2080000,0x00000000e2491bd8,0x00000000e2580000)
  to   space 5120K, 0% used [0x00000000e4600000,0x00000000e4600000,0x00000000e4b00000)
 ParOldGen       total 87552K, used 8K [0x00000000a0000000, 0x00000000a5580000, 0x00000000e0000000)
  object space 87552K, 0% used [0x00000000a0000000,0x00000000a0002000,0x00000000a5580000)
 Metaspace       used 6647K, capacity 6768K, committed 7040K, reserved 1056768K
  class space    used 811K, capacity 876K, committed 896K, reserved 1048576K
}
Event: 8.954 GC heap before
{Heap before GC invocations=2 (full 0):
 PSYoungGen      total 38400K, used 37446K [0x00000000e0000000, 0x00000000e4b00000, 0x0000000100000000)
  eden space 33280K, 100% used [0x00000000e0000000,0x00000000e2080000,0x00000000e2080000)
  from space 5120K, 81% used [0x00000000e2080000,0x00000000e2491bd8,0x00000000e2580000)
  to   space 5120K, 0% used [0x00000000e4600000,0x00000000e4600000,0x00000000e4b00000)
 ParOldGen       total 87552K, used 8K [0x00000000a0000000, 0x00000000a5580000, 0x00000000e0000000)
  object space 87552K, 0% used [0x00000000a0000000,0x00000000a0002000,0x00000000a5580000)
 Metaspace       used 10701K, capacity 10884K, committed 11008K, reserved 1058816K
  class space    used 1412K, capacity 1518K, committed 1536K, reserved 1048576K
Event: 8.963 GC heap after
Heap after GC invocations=2 (full 0):
 PSYoungGen      total 71680K, used 5088K [0x00000000e0000000, 0x00000000e4b00000, 0x0000000100000000)
  eden space 66560K, 0% used [0x00000000e0000000,0x00000000e0000000,0x00000000e4100000)
  from space 5120K, 99% used [0x00000000e4600000,0x00000000e4af81d0,0x00000000e4b00000)
  to   space 5120K, 0% used [0x00000000e4100000,0x00000000e4100000,0x00000000e4600000)
 ParOldGen       total 87552K, used 199K [0x00000000a0000000, 0x00000000a5580000, 0x00000000e0000000)
  object space 87552K, 0% used [0x00000000a0000000,0x00000000a0031eb8,0x00000000a5580000)
 Metaspace       used 10701K, capacity 10884K, committed 11008K, reserved 1058816K
  class space    used 1412K, capacity 1518K, committed 1536K, reserved 1048576K
}
Event: 10.970 GC heap before
{Heap before GC invocations=3 (full 0):
 PSYoungGen      total 71680K, used 71648K [0x00000000e0000000, 0x00000000e4b00000, 0x0000000100000000)
  eden space 66560K, 100% used [0x00000000e0000000,0x00000000e4100000,0x00000000e4100000)
  from space 5120K, 99% used [0x00000000e4600000,0x00000000e4af81d0,0x00000000e4b00000)
  to   space 5120K, 0% used [0x00000000e4100000,0x00000000e4100000,0x00000000e4600000)
 ParOldGen       total 87552K, used 199K [0x00000000a0000000, 0x00000000a5580000, 0x00000000e0000000)
  object space 87552K, 0% used [0x00000000a0000000,0x00000000a0031eb8,0x00000000a5580000)
 Metaspace       used 16771K, capacity 17046K, committed 17152K, reserved 1064960K
  class space    used 2426K, capacity 2555K, committed 2560K, reserved 1048576K
Event: 10.985 GC heap after
Heap after GC invocations=3 (full 0):
 PSYoungGen      total 71680K, used 5104K [0x00000000e0000000, 0x00000000e4b00000, 0x0000000100000000)
  eden space 66560K, 0% used [0x00000000e0000000,0x00000000e0000000,0x00000000e4100000)
  from space 5120K, 99% used [0x00000000e4100000,0x00000000e45fc030,0x00000000e4600000)
  to   space 5120K, 0% used [0x00000000e4600000,0x00000000e4600000,0x00000000e4b00000)
 ParOldGen       total 87552K, used 5536K [0x00000000a0000000, 0x00000000a5580000, 0x00000000e0000000)
  object space 87552K, 6% used [0x00000000a0000000,0x00000000a0568398,0x00000000a5580000)
 Metaspace       used 16771K, capacity 17046K, committed 17152K, reserved 1064960K
  class space    used 2426K, capacity 2555K, committed 2560K, reserved 1048576K
}
Event: 11.322 GC heap before
{Heap before GC invocations=4 (full 0):
 PSYoungGen      total 71680K, used 22076K [0x00000000e0000000, 0x00000000e4b00000, 0x0000000100000000)
  eden space 66560K, 25% used [0x00000000e0000000,0x00000000e1093090,0x00000000e4100000)
  from space 5120K, 99% used [0x00000000e4100000,0x00000000e45fc030,0x00000000e4600000)
  to   space 5120K, 0% used [0x00000000e4600000,0x00000000e4600000,0x00000000e4b00000)
 ParOldGen       total 87552K, used 5536K [0x00000000a0000000, 0x00000000a5580000, 0x00000000e0000000)
  object space 87552K, 6% used [0x00000000a0000000,0x00000000a0568398,0x00000000a5580000)
 Metaspace       used 19341K, capacity 19580K, committed 19712K, reserved 1073152K
  class space    used 2682K, capacity 2780K, committed 2816K, reserved 1048576K
Event: 11.330 GC heap after
Heap after GC invocations=4 (full 0):
 PSYoungGen      total 71680K, used 5088K [0x00000000e0000000, 0x00000000e4b00000, 0x0000000100000000)
  eden space 66560K, 0% used [0x00000000e0000000,0x00000000e0000000,0x00000000e4100000)
  from space 5120K, 99% used [0x00000000e4600000,0x00000000e4af8030,0x00000000e4b00000)
  to   space 5120K, 0% used [0x00000000e4100000,0x00000000e4100000,0x00000000e4600000)
 ParOldGen       total 87552K, used 7983K [0x00000000a0000000, 0x00000000a5580000, 0x00000000e0000000)
  object space 87552K, 9% used [0x00000000a0000000,0x00000000a07cbed8,0x00000000a5580000)
 Metaspace       used 19341K, capacity 19580K, committed 19712K, reserved 1073152K
  class space    used 2682K, capacity 2780K, committed 2816K, reserved 1048576K
}
Event: 11.330 GC heap before
{Heap before GC invocations=5 (full 1):
 PSYoungGen      total 71680K, used 5088K [0x00000000e0000000, 0x00000000e4b00000, 0x0000000100000000)
  eden space 66560K, 0% used [0x00000000e0000000,0x00000000e0000000,0x00000000e4100000)
  from space 5120K, 99% used [0x00000000e4600000,0x00000000e4af8030,0x00000000e4b00000)
  to   space 5120K, 0% used [0x00000000e4100000,0x00000000e4100000,0x00000000e4600000)
 ParOldGen       total 87552K, used 7983K [0x00000000a0000000, 0x00000000a5580000, 0x00000000e0000000)
  object space 87552K, 9% used [0x00000000a0000000,0x00000000a07cbed8,0x00000000a5580000)
 Metaspace       used 19341K, capacity 19580K, committed 19712K, reserved 1073152K
  class space    used 2682K, capacity 2780K, committed 2816K, reserved 1048576K
Event: 11.387 GC heap after
Heap after GC invocations=5 (full 1):
 PSYoungGen      total 71680K, used 0K [0x00000000e0000000, 0x00000000e4b00000, 0x0000000100000000)
  eden space 66560K, 0% used [0x00000000e0000000,0x00000000e0000000,0x00000000e4100000)
  from space 5120K, 0% used [0x00000000e4600000,0x00000000e4600000,0x00000000e4b00000)
  to   space 5120K, 0% used [0x00000000e4100000,0x00000000e4100000,0x00000000e4600000)
 ParOldGen       total 53760K, used 7601K [0x00000000a0000000, 0x00000000a3480000, 0x00000000e0000000)
  object space 53760K, 14% used [0x00000000a0000000,0x00000000a076c5b0,0x00000000a3480000)
 Metaspace       used 19341K, capacity 19580K, committed 19712K, reserved 1071104K
  class space    used 2682K, capacity 2780K, committed 2816K, reserved 1048576K
}

Deoptimization events (10 events):
Event: 11.564 Thread 0x000000001b343800 Uncommon trap: reason=bimorphic action=maybe_recompile pc=0x0000000002ceeabc method=java.io.DataInputStream.readInt()I @ 4
Event: 11.564 Thread 0x000000001b343800 Uncommon trap: reason=bimorphic action=maybe_recompile pc=0x0000000002ceeabc method=java.io.DataInputStream.readInt()I @ 4
Event: 11.577 Thread 0x0000000017d98000 Uncommon trap: reason=unstable_if action=reinterpret pc=0x0000000002ab9048 method=java.lang.AbstractStringBuilder.append(Ljava/lang/String;)Ljava/lang/AbstractStringBuilder; @ 1
Event: 11.577 Thread 0x0000000017d98000 Uncommon trap: reason=unstable_if action=reinterpret pc=0x0000000002a04140 method=java.lang.AbstractStringBuilder.append(Ljava/lang/String;)Ljava/lang/AbstractStringBuilder; @ 1
Event: 11.644 Thread 0x0000000017d98000 Uncommon trap: reason=class_check action=maybe_recompile pc=0x0000000002d5ad20 method=sun.misc.URLClassPath.getLoader(I)Lsun/misc/URLClassPath$Loader; @ 94
Event: 11.644 Thread 0x0000000017d98000 Uncommon trap: reason=class_check action=maybe_recompile pc=0x0000000002cfc230 method=sun.misc.URLClassPath.getResource(Ljava/lang/String;Z)Lsun/misc/Resource; @ 62
Event: 11.646 Thread 0x0000000017d98000 Uncommon trap: reason=unstable_if action=reinterpret pc=0x0000000002c66904 method=java.lang.ClassLoader.getClassLoadingLock(Ljava/lang/String;)Ljava/lang/Object; @ 6
Event: 11.685 Thread 0x0000000017d98000 Uncommon trap: reason=class_check action=maybe_recompile pc=0x0000000002d5aec4 method=sun.misc.URLClassPath.getLoader(I)Lsun/misc/URLClassPath$Loader; @ 239
Event: 11.704 Thread 0x0000000017d98000 Uncommon trap: reason=class_check action=maybe_recompile pc=0x0000000002d5aec4 method=sun.misc.URLClassPath.getLoader(I)Lsun/misc/URLClassPath$Loader; @ 239
Event: 12.105 Thread 0x0000000017d98000 Uncommon trap: reason=unstable_if action=reinterpret pc=0x0000000002c2e6a0 method=java.util.HashMap.hash(Ljava/lang/Object;)I @ 1

Classes redefined (0 events):
No events

Internal exceptions (10 events):
Event: 11.794 Thread 0x0000000017d98000 Exception <a 'java/lang/ClassNotFoundException': org/gradle/api/internal/project/AbstractPluginAwareCustomizer> (0x00000000e120c0c0) thrown at [D:\src\AOSP-openjdk-cygwin\jdk8u\hotspot\src\share\vm\classfile\systemDictionary.cpp, line 210]
Event: 11.797 Thread 0x0000000017d98000 Exception <a 'java/lang/ClassNotFoundException': org/gradle/initialization/DefaultSettingsCustomizer> (0x00000000e123a4b0) thrown at [D:\src\AOSP-openjdk-cygwin\jdk8u\hotspot\src\share\vm\classfile\systemDictionary.cpp, line 210]
Event: 11.802 Thread 0x0000000017d98000 Exception <a 'java/lang/ClassNotFoundException': org/gradle/initialization/DefaultSettings_DecoratedCustomizer> (0x00000000e12a3e60) thrown at [D:\src\AOSP-openjdk-cygwin\jdk8u\hotspot\src\share\vm\classfile\systemDictionary.cpp, line 210]
Event: 11.816 Thread 0x0000000017d98000 Exception <a 'java/lang/ClassNotFoundException': org/gradle/initialization/DefaultProjectDescriptorBeanInfo> (0x00000000e1392c38) thrown at [D:\src\AOSP-openjdk-cygwin\jdk8u\hotspot\src\share\vm\classfile\systemDictionary.cpp, line 210]
Event: 11.817 Thread 0x0000000017d98000 Exception <a 'java/lang/ClassNotFoundException': org/gradle/initialization/DefaultProjectDescriptorCustomizer> (0x00000000e13bc320) thrown at [D:\src\AOSP-openjdk-cygwin\jdk8u\hotspot\src\share\vm\classfile\systemDictionary.cpp, line 210]
Event: 11.829 Thread 0x0000000017d98000 Exception <a 'java/lang/NoSuchMethodError': <clinit>> (0x00000000e142e430) thrown at [D:\src\AOSP-openjdk-cygwin\jdk8u\hotspot\src\share\vm\prims\jni.cpp, line 1614]
Event: 11.832 Thread 0x0000000017d98000 Exception <a 'java/lang/NoSuchMethodError': <clinit>> (0x00000000e1450490) thrown at [D:\src\AOSP-openjdk-cygwin\jdk8u\hotspot\src\share\vm\prims\jni.cpp, line 1614]
Event: 11.832 Thread 0x0000000017d98000 Exception <a 'java/lang/NoSuchMethodError': <clinit>> (0x00000000e1451760) thrown at [D:\src\AOSP-openjdk-cygwin\jdk8u\hotspot\src\share\vm\prims\jni.cpp, line 1614]
Event: 11.832 Thread 0x0000000017d98000 Exception <a 'java/lang/NoSuchMethodError': <clinit>> (0x00000000e1453438) thrown at [D:\src\AOSP-openjdk-cygwin\jdk8u\hotspot\src\share\vm\prims\jni.cpp, line 1614]
Event: 12.105 Thread 0x0000000017d98000 Implicit null exception at 0x0000000002c2e495 to 0x0000000002c2e691

Events (10 events):
Event: 12.127 loading class com/google/common/reflect/Types$ClassOwnership
Event: 12.127 loading class com/google/common/reflect/Types$ClassOwnership done
Event: 12.128 loading class com/google/common/reflect/Types$ClassOwnership$1
Event: 12.128 loading class com/google/common/reflect/Types$ClassOwnership$1 done
Event: 12.128 loading class com/google/common/reflect/Types$ClassOwnership$2
Event: 12.128 loading class com/google/common/reflect/Types$ClassOwnership$2 done
Event: 12.129 loading class com/google/common/reflect/Types$ClassOwnership$3
Event: 12.129 loading class com/google/common/reflect/Types$ClassOwnership$3 done
Event: 12.129 loading class com/google/common/reflect/Types$ClassOwnership$1LocalClass
Event: 12.129 loading class com/google/common/reflect/Types$ClassOwnership$1LocalClass done


Dynamic libraries:
0x00007ff7c8b00000 - 0x00007ff7c8b31000 	E:\Program Files\Android\Android Studio\jre\bin\java.exe
0x00007fffdee90000 - 0x00007fffdf07d000 	C:\Windows\SYSTEM32\ntdll.dll
0x00007fffdeb70000 - 0x00007fffdec23000 	C:\Windows\System32\KERNEL32.DLL
0x00007fffdbd60000 - 0x00007fffdbff3000 	C:\Windows\System32\KERNELBASE.dll
0x00007fffde090000 - 0x00007fffde133000 	C:\Windows\System32\ADVAPI32.dll
0x00007fffdd8e0000 - 0x00007fffdd97e000 	C:\Windows\System32\msvcrt.dll
0x00007fffddf80000 - 0x00007fffde01e000 	C:\Windows\System32\sechost.dll
0x00007fffddbe0000 - 0x00007fffddd02000 	C:\Windows\System32\RPCRT4.dll
0x00007fffddd10000 - 0x00007fffddea7000 	C:\Windows\System32\USER32.dll
0x00007fffdc0a0000 - 0x00007fffdc0c0000 	C:\Windows\System32\win32u.dll
0x00007fffdc170000 - 0x00007fffdc199000 	C:\Windows\System32\GDI32.dll
0x00007fffdb090000 - 0x00007fffdb22a000 	C:\Windows\System32\gdi32full.dll
0x00007fffdc000000 - 0x00007fffdc0a0000 	C:\Windows\System32\msvcp_win.dll
0x00007fffdb280000 - 0x00007fffdb37a000 	C:\Windows\System32\ucrtbase.dll
0x00007fffc8cf0000 - 0x00007fffc8f69000 	C:\Windows\WinSxS\amd64_microsoft.windows.common-controls_6595b64144ccf1df_6.0.17763.379_none_05b83be8071c94a1\COMCTL32.dll
0x00007fffde140000 - 0x00007fffde46d000 	C:\Windows\System32\combase.dll
0x00007fffdb010000 - 0x00007fffdb08e000 	C:\Windows\System32\bcryptPrimitives.dll
0x00007fffdea50000 - 0x00007fffdea7e000 	C:\Windows\System32\IMM32.DLL
0x0000000050080000 - 0x0000000050152000 	E:\Program Files\Android\Android Studio\jre\jre\bin\msvcr100.dll
0x0000000050160000 - 0x00000000509a6000 	E:\Program Files\Android\Android Studio\jre\jre\bin\server\jvm.dll
0x00007fffdeae0000 - 0x00007fffdeae8000 	C:\Windows\System32\PSAPI.DLL
0x00007fffd9090000 - 0x00007fffd909a000 	C:\Windows\SYSTEM32\VERSION.dll
0x00007fffd66f0000 - 0x00007fffd66f9000 	C:\Windows\SYSTEM32\WSOCK32.dll
0x00007fffd72a0000 - 0x00007fffd72c4000 	C:\Windows\SYSTEM32\WINMM.dll
0x00007fffde020000 - 0x00007fffde08d000 	C:\Windows\System32\WS2_32.dll
0x00007fffd7270000 - 0x00007fffd729d000 	C:\Windows\SYSTEM32\WINMMBASE.dll
0x00007fffdb230000 - 0x00007fffdb27a000 	C:\Windows\System32\cfgmgr32.dll
0x00007fffd6620000 - 0x00007fffd662f000 	E:\Program Files\Android\Android Studio\jre\jre\bin\verify.dll
0x00007fffd5e90000 - 0x00007fffd5eb9000 	E:\Program Files\Android\Android Studio\jre\jre\bin\java.dll
0x00007fffc8770000 - 0x00007fffc8786000 	E:\Program Files\Android\Android Studio\jre\jre\bin\zip.dll
0x00007fffdc2c0000 - 0x00007fffdd7b0000 	C:\Windows\System32\SHELL32.dll
0x00007fffdc1a0000 - 0x00007fffdc248000 	C:\Windows\System32\shcore.dll
0x00007fffdb3b0000 - 0x00007fffdbafa000 	C:\Windows\System32\windows.storage.dll
0x00007fffdae90000 - 0x00007fffdaeb4000 	C:\Windows\System32\profapi.dll
0x00007fffdaee0000 - 0x00007fffdaf3d000 	C:\Windows\System32\powrprof.dll
0x00007fffdea80000 - 0x00007fffdead2000 	C:\Windows\System32\shlwapi.dll
0x00007fffdaec0000 - 0x00007fffdaed1000 	C:\Windows\System32\kernel.appcore.dll
0x00007fffdbb00000 - 0x00007fffdbb17000 	C:\Windows\System32\cryptsp.dll
0x00007fffbcd70000 - 0x00007fffbcd8a000 	E:\Program Files\Android\Android Studio\jre\jre\bin\net.dll
0x00007fffda710000 - 0x00007fffda777000 	C:\Windows\system32\mswsock.dll
0x00007fffbb420000 - 0x00007fffbb431000 	E:\Program Files\Android\Android Studio\jre\jre\bin\nio.dll
0x00007fffbb380000 - 0x00007fffbb39e000 	C:\Users\ADMIN\.gradle\native\25\windows-amd64\native-platform.dll
0x00007fffd6610000 - 0x00007fffd661d000 	E:\Program Files\Android\Android Studio\jre\jre\bin\management.dll
0x00007fffda2d0000 - 0x00007fffda303000 	C:\Windows\system32\rsaenh.dll
0x00007fffdb380000 - 0x00007fffdb3a6000 	C:\Windows\System32\bcrypt.dll
0x00007fffdadc0000 - 0x00007fffdade8000 	C:\Windows\SYSTEM32\USERENV.dll
0x00007fffda8e0000 - 0x00007fffda8ec000 	C:\Windows\SYSTEM32\CRYPTBASE.dll
0x00007fffda470000 - 0x00007fffda4ad000 	C:\Windows\SYSTEM32\IPHLPAPI.DLL
0x00007fffdc2b0000 - 0x00007fffdc2b8000 	C:\Windows\System32\NSI.dll
0x00007fffd0ae0000 - 0x00007fffd0af6000 	C:\Windows\SYSTEM32\dhcpcsvc6.DLL
0x00007fffd25e0000 - 0x00007fffd25fc000 	C:\Windows\SYSTEM32\dhcpcsvc.DLL
0x00007fffda4b0000 - 0x00007fffda576000 	C:\Windows\SYSTEM32\DNSAPI.dll

VM Arguments:
jvm_args: -Xmx1536m -Dfile.encoding=windows-1252 -Duser.country=US -Duser.language=en -Duser.variant 
java_command: org.gradle.launcher.daemon.bootstrap.GradleDaemon 4.7
java_class_path (initial): C:\Users\ADMIN\.gradle\wrapper\dists\gradle-4.7-all\4cret0dgl5o3b21weaoncl7ys\gradle-4.7\lib\gradle-launcher-4.7.jar
Launcher Type: SUN_STANDARD

Environment Variables:
JAVA_HOME=E:\Program Files\Java\jdk1.8.0_231
USERNAME=Hiep Nguyen
OS=Windows_NT
PROCESSOR_IDENTIFIER=Intel64 Family 6 Model 78 Stepping 3, GenuineIntel



---------------  S Y S T E M  ---------------

OS: Windows 10.0 , 64 bit Build 17763 (10.0.17763.379)

CPU:total 4 (initial active 4) (2 cores per cpu, 2 threads per core) family 6 model 78 stepping 3, cmov, cx8, fxsr, mmx, sse, sse2, sse3, ssse3, sse4.1, sse4.2, popcnt, avx, avx2, aes, clmul, erms, 3dnowpref, lzcnt, ht, tsc, tscinvbit, bmi1, bmi2, adx

Memory: 4k page, physical 8292264k(1044140k free), swap 21206812k(5292k free)

vm_info: OpenJDK 64-Bit Server VM (25.202-b03) for windows-amd64 JRE (1.8.0_202-release-1483-b03), built by "builder" with MS VC++ 10.0 (VS2010)

time: Mon Dec 23 15:19:45 2019
timezone: SE Asia Standard Time
elapsed time: 12 seconds (0d 0h 0m 12s)

