JvmtiExport can_access_local_variables 0
JvmtiExport can_hotswap_or_post_breakpoint 0
JvmtiExport can_post_on_exceptions 0
# 265 ciObject found
ciMethod java/lang/Object <init> ()V 4097 1 3103703 0 0
ciMethod java/lang/Object getClass ()Ljava/lang/Class; 2049 1 256 0 -1
ciMethod java/lang/Object hashCode ()I 2049 1 256 0 -1
ciMethod java/lang/Object equals (Ljava/lang/Object;)Z 2465 1 76951 0 64
ciMethod java/lang/String equals (Ljava/lang/Object;)Z 2073 12393 2694 0 -1
ciMethod java/lang/Class isInstance (Ljava/lang/Object;)Z 2049 1 256 0 -1
ciMethod java/lang/Class isAssignableFrom (Ljava/lang/Class;)Z 3073 1 384 0 -1
ciMethod java/lang/Class getClassLoader ()Ljava/lang/ClassLoader; 3073 1 42095 0 -1
ciMethod java/lang/System getSecurityManager ()Ljava/lang/SecurityManager; 2089 1 133985 0 0
ciMethod java/lang/Throwable getCause ()Ljava/lang/Throwable; 0 0 183 0 -1
ciMethod java/lang/SecurityManager checkPermission (Ljava/security/Permission;)V 0 0 1 0 -1
ciMethod java/lang/reflect/AccessibleObject setAccessible (Z)V 2049 1 10013 0 288
ciMethod java/lang/reflect/AccessibleObject setAccessible0 (Ljava/lang/reflect/AccessibleObject;Z)V 2049 1 14680 1 256
ciMethod java/lang/reflect/AccessibleObject checkAccess (Ljava/lang/Class;Ljava/lang/Class;Ljava/lang/Object;I)V 33 1 67 1 -1
ciMethod java/lang/reflect/Method getDeclaringClass ()Ljava/lang/Class; 1129 1 141 0 -1
ciMethod java/lang/reflect/Method getName ()Ljava/lang/String; 2433 1 304 0 0
ciMethod java/lang/reflect/Method getModifiers ()I 1097 1 137 0 -1
ciMethod java/lang/reflect/Method getReturnType ()Ljava/lang/Class; 1377 1 172 0 -1
ciMethod java/lang/reflect/Method getParameterTypes ()[Ljava/lang/Class; 2129 1 87378 0 -1
ciMethod java/lang/reflect/Method getExceptionTypes ()[Ljava/lang/Class; 1009 1 10979 0 -1
ciMethod java/lang/reflect/Method invoke (Ljava/lang/Object;[Ljava/lang/Object;)Ljava/lang/Object; 2065 1 5378 0 448
ciMethod java/lang/reflect/Method acquireMethodAccessor ()Lsun/reflect/MethodAccessor; 377 1 604 0 0
ciMethod java/lang/reflect/Method getMethodAccessor ()Lsun/reflect/MethodAccessor; 1025 1 128 0 0
ciMethod java/lang/reflect/Method setMethodAccessor (Lsun/reflect/MethodAccessor;)V 2049 1 1204 0 0
ciMethod java/lang/reflect/Constructor getDeclaringClass ()Ljava/lang/Class; 1025 1 128 0 -1
ciMethod sun/reflect/MethodAccessor invoke (Ljava/lang/Object;[Ljava/lang/Object;)Ljava/lang/Object; 0 0 1 0 -1
ciMethod sun/reflect/MethodAccessorImpl invoke (Ljava/lang/Object;[Ljava/lang/Object;)Ljava/lang/Object; 0 0 1 0 -1
ciMethod java/lang/Boolean valueOf (Z)Ljava/lang/Boolean; 3073 1 29144 0 64
ciMethod java/util/List size ()I 0 0 1 0 -1
ciMethod java/util/List iterator ()Ljava/util/Iterator; 0 0 1 0 -1
ciMethod java/util/List add (Ljava/lang/Object;)Z 0 0 1 0 -1
ciMethod java/util/List addAll (Ljava/util/Collection;)Z 0 0 1 0 -1
ciMethod java/util/List get (I)Ljava/lang/Object; 0 0 1 0 -1
ciMethod sun/reflect/ReflectionFactory newMethodAccessor (Ljava/lang/reflect/Method;)Lsun/reflect/MethodAccessor; 2049 1 910 0 0
ciMethod sun/reflect/ReflectionFactory checkInitted ()V 2049 1 1421 0 -1
ciMethod java/util/ArrayList iterator ()Ljava/util/Iterator; 2049 1 10340 0 160
ciMethod java/util/ArrayList access$000 (Ljava/util/ArrayList;)I 1049 1 131 0 0
ciMethod sun/reflect/Reflection getCallerClass ()Ljava/lang/Class; 3073 1 384 0 -1
ciMethod sun/reflect/Reflection quickCheckMemberAccess (Ljava/lang/Class;I)Z 617 1 6577 0 -1
ciMethod java/util/Objects requireNonNull (Ljava/lang/Object;)Ljava/lang/Object; 2065 1 102010 0 -1
ciMethod java/util/Iterator hasNext ()Z 0 0 1 0 -1
ciMethod java/util/Iterator next ()Ljava/lang/Object; 0 0 1 0 -1
ciMethod sun/reflect/misc/ReflectUtil checkPackageAccess (Ljava/lang/Class;)V 497 1 15281 0 -1
ciMethod sun/reflect/misc/ReflectUtil needsPackageAccessCheck (Ljava/lang/ClassLoader;Ljava/lang/ClassLoader;)Z 0 0 1 0 -1
ciMethod sun/reflect/misc/ReflectUtil isVMAnonymousClass (Ljava/lang/Class;)Z 1921 1 801 0 -1
ciMethodData java/lang/Object <init> ()V 2 3103703 orig 264 8 206 112 80 0 0 0 0 128 4 47 22 0 0 0 0 32 1 0 0 0 0 0 0 0 0 0 0 0 0 0 0 0 0 0 0 0 0 0 0 0 0 0 0 0 0 0 0 0 0 0 0 0 0 0 0 0 0 0 0 0 0 0 0 0 0 0 0 0 0 0 0 0 0 0 0 0 0 0 0 77 68 79 32 101 120 116 114 97 32 100 97 116 97 32 108 111 99 107 0 0 0 0 0 0 0 0 0 0 0 0 0 0 0 0 0 0 0 0 0 0 0 0 0 0 0 0 0 0 0 0 0 0 0 0 0 0 0 0 0 0 0 0 0 0 0 0 0 0 0 0 0 0 0 0 0 0 0 0 0 0 0 0 0 0 0 0 0 0 0 0 0 0 0 0 0 0 0 0 0 0 0 0 0 1 0 0 0 0 0 0 0 1 0 0 0 0 0 0 0 1 0 0 0 0 0 0 0 0 0 0 0 0 0 0 0 0 2 0 0 185 206 122 1 1 0 0 0 0 0 0 0 0 0 0 0 2 0 0 0 0 0 3 0 1 0 0 0 0 0 0 0 255 255 255 255 0 0 0 0 0 0 0 0 data 0 oops 0
ciMethod java/lang/IllegalArgumentException <init> (Ljava/lang/String;)V 0 0 35 0 -1
ciMethod java/util/concurrent/ConcurrentMap containsKey (Ljava/lang/Object;)Z 0 0 1 0 -1
ciMethodData java/lang/System getSecurityManager ()Ljava/lang/SecurityManager; 2 133985 orig 264 8 206 112 80 0 0 0 0 120 151 48 22 0 0 0 0 24 1 0 0 0 0 0 0 0 0 0 0 0 0 0 0 0 0 0 0 0 0 0 0 0 0 0 0 0 0 0 0 0 0 0 0 0 0 0 0 0 0 0 0 0 0 0 0 0 0 0 0 0 0 0 0 0 0 0 0 0 0 0 0 77 68 79 32 101 120 116 114 97 32 100 97 116 97 32 108 111 99 107 0 0 0 0 0 0 0 0 0 0 0 0 0 0 0 0 0 0 0 0 0 0 0 0 0 0 0 0 0 0 0 0 0 0 0 0 0 0 0 0 0 0 0 0 0 0 0 0 0 0 0 0 0 0 0 0 0 0 0 0 0 0 0 0 0 0 0 0 0 0 0 0 0 0 0 0 0 0 0 0 0 0 0 0 0 0 0 0 0 0 0 0 0 0 0 0 0 0 0 0 0 0 0 0 0 0 0 0 0 0 0 0 0 0 0 0 0 5 1 0 0 225 82 16 0 1 0 0 0 0 0 0 0 0 0 0 0 2 0 0 0 0 0 3 0 1 0 0 0 0 0 0 0 255 255 255 255 0 0 0 0 0 0 0 0 data 0 oops 0
ciMethod java/util/ArrayList$Itr <init> (Ljava/util/ArrayList;)V 2049 1 15177 0 96
ciMethod java/util/ArrayList$Itr hasNext ()Z 2049 1 15873 0 64
ciMethod java/util/ArrayList$Itr next ()Ljava/lang/Object; 2049 1 7542 0 224
ciMethod java/util/ArrayList$Itr checkForComodification ()V 2041 1 7551 0 96
ciMethodData java/util/ArrayList$Itr hasNext ()Z 2 15873 orig 264 8 206 112 80 0 0 0 0 208 13 89 22 0 0 0 0 144 1 0 0 0 0 0 0 0 0 0 0 0 0 0 0 0 0 0 0 0 0 0 0 0 0 0 0 0 0 0 0 0 0 0 0 0 0 0 0 0 0 0 0 0 0 0 0 0 0 0 0 0 0 0 0 0 0 0 0 0 0 0 0 77 68 79 32 101 120 116 114 97 32 100 97 116 97 32 108 111 99 107 0 0 0 0 0 0 0 0 0 0 0 0 0 0 0 0 0 0 0 0 0 0 0 0 0 0 0 0 0 0 0 0 0 0 0 0 0 0 0 0 0 0 0 0 0 0 0 0 0 0 0 0 0 0 0 0 0 0 0 0 0 0 0 0 0 0 0 0 0 0 0 0 0 0 0 0 0 0 0 0 0 0 0 0 0 17 0 0 0 0 0 0 0 0 0 0 0 0 0 0 0 1 0 0 0 0 0 0 0 0 0 0 0 0 0 0 0 0 1 0 0 9 232 1 0 1 0 0 0 0 0 0 0 0 0 0 0 2 0 0 0 0 0 6 0 2 0 0 0 72 0 0 0 255 255 255 255 2 0 8 0 0 0 0 0 data 9 0x80002 0x3d02 0xb0007 0x280 0x38 0x3a83 0xf0003 0x3a83 0x18 oops 0
ciMethodData java/util/ArrayList$Itr next ()Ljava/lang/Object; 2 7542 orig 264 8 206 112 80 0 0 0 0 176 14 89 22 0 0 0 0 232 1 0 0 96 0 0 0 0 0 0 0 0 0 0 0 0 0 0 0 0 0 0 0 0 0 0 0 0 0 0 0 0 0 0 0 0 0 0 0 0 0 0 0 0 0 0 0 0 0 0 0 0 0 0 0 0 0 0 0 0 0 0 0 77 68 79 32 101 120 116 114 97 32 100 97 116 97 32 108 111 99 107 0 0 0 0 0 0 0 0 0 0 0 0 0 0 0 0 0 0 0 0 0 0 0 0 0 0 0 0 0 0 0 0 0 0 0 0 0 0 0 0 0 0 0 0 0 0 0 0 0 0 0 0 0 0 0 0 0 0 0 0 0 0 0 0 0 0 0 0 0 0 0 0 0 0 0 0 0 0 0 0 0 0 0 0 0 25 0 0 0 0 0 0 0 0 0 0 0 0 0 0 0 1 0 0 0 0 0 0 0 0 0 0 0 0 0 0 0 0 1 0 0 177 227 0 0 1 0 0 0 0 0 0 0 0 0 0 0 2 0 0 0 0 0 10 0 2 0 0 0 160 0 0 0 255 255 255 255 5 0 1 0 0 0 0 0 data 20 0x10005 0x26 0x1bf35000 0x1c50 0x0 0x0 0xe0002 0x1c76 0x110007 0x1c76 0x30 0x0 0x180002 0x0 0x270007 0x1c76 0x30 0x0 0x2e0002 0x0 oops 1 2 java/util/ArrayList$Itr
ciMethodData java/util/ArrayList$Itr checkForComodification ()V 2 7551 orig 264 8 206 112 80 0 0 0 0 64 17 89 22 0 0 0 0 80 1 0 0 0 0 0 0 0 0 0 0 0 0 0 0 0 0 0 0 0 0 0 0 0 0 0 0 0 0 0 0 0 0 0 0 0 0 0 0 0 0 0 0 0 0 0 0 0 0 0 0 0 0 0 0 0 0 0 0 0 0 0 0 77 68 79 32 101 120 116 114 97 32 100 97 116 97 32 108 111 99 107 0 0 0 0 0 0 0 0 0 0 0 0 0 0 0 0 0 0 0 0 0 0 0 0 0 0 0 0 0 0 0 0 0 0 0 0 0 0 0 0 0 0 0 0 0 0 0 0 0 0 0 0 0 0 0 0 0 0 0 0 0 0 0 0 0 0 0 0 0 0 0 0 0 0 0 0 0 0 0 0 0 0 0 0 0 25 0 0 0 0 0 0 0 0 0 0 0 0 0 0 0 1 0 0 0 0 0 0 0 0 0 0 0 0 0 0 0 255 0 0 0 1 228 0 0 1 0 0 0 0 0 0 0 0 0 0 0 2 0 0 0 0 0 0 0 0 0 0 0 48 0 0 0 255 255 255 255 7 0 11 0 0 0 0 0 data 6 0xb0007 0x1c80 0x30 0x0 0x120002 0x0 oops 0
ciMethod java/lang/SecurityException <init> (Ljava/lang/String;)V 9 1 4 0 -1
ciMethod java/lang/reflect/InvocationTargetException getCause ()Ljava/lang/Throwable; 9 1 1 0 0
ciMethod sun/reflect/NativeMethodAccessorImpl <init> (Ljava/lang/reflect/Method;)V 2049 1 910 0 -1
ciMethod sun/reflect/NativeMethodAccessorImpl setParent (Lsun/reflect/DelegatingMethodAccessorImpl;)V 2049 1 910 0 -1
ciMethod sun/reflect/DelegatingMethodAccessorImpl <init> (Lsun/reflect/MethodAccessorImpl;)V 2049 1 910 0 -1
ciMethod sun/reflect/DelegatingMethodAccessorImpl invoke (Ljava/lang/Object;[Ljava/lang/Object;)Ljava/lang/Object; 2065 1 5378 0 64
ciMethodData java/lang/Object equals (Ljava/lang/Object;)Z 2 76951 orig 264 8 206 112 80 0 0 0 0 232 6 47 22 0 0 0 0 136 1 0 0 0 0 0 0 0 0 0 0 0 0 0 0 0 0 0 0 0 0 0 0 0 0 0 0 0 0 0 0 0 0 0 0 0 0 0 0 0 0 0 0 0 0 0 0 0 0 0 0 0 0 0 0 0 0 0 0 0 0 0 0 77 68 79 32 101 120 116 114 97 32 100 97 116 97 32 108 111 99 107 0 0 0 0 0 0 0 0 0 0 0 0 0 0 0 0 0 0 0 0 0 0 0 0 0 0 0 0 0 0 0 0 0 0 0 0 0 0 0 0 0 0 0 0 0 0 0 0 0 0 0 0 0 0 0 0 0 0 0 0 0 0 0 0 0 0 0 0 0 0 0 0 0 0 0 0 0 0 0 0 0 0 0 0 0 1 0 0 0 0 0 0 0 0 0 0 0 0 0 0 0 3 0 0 0 0 0 0 0 0 0 0 0 0 0 0 0 52 1 0 0 25 91 9 0 1 0 0 0 0 0 0 0 0 0 0 0 2 0 0 0 0 0 6 0 2 0 0 0 56 0 0 0 255 255 255 255 7 0 2 0 0 0 0 0 data 7 0x20007 0xa6ba 0x38 0x84a9 0x60003 0x84a9 0x18 oops 0
ciMethodData java/util/ArrayList iterator ()Ljava/util/Iterator; 2 10340 orig 264 8 206 112 80 0 0 0 0 72 43 60 22 0 0 0 0 48 1 0 0 0 0 0 0 0 0 0 0 0 0 0 0 0 0 0 0 0 0 0 0 0 0 0 0 0 0 0 0 0 0 0 0 0 0 0 0 0 0 0 0 0 0 0 0 0 0 0 0 0 0 0 0 0 0 0 0 0 0 0 0 77 68 79 32 101 120 116 114 97 32 100 97 116 97 32 108 111 99 107 0 0 0 0 0 0 0 0 0 0 0 0 0 0 0 0 0 0 0 0 0 0 0 0 0 0 0 0 0 0 0 0 0 0 0 0 0 0 0 0 0 0 0 0 0 0 0 0 0 0 0 0 0 0 0 0 0 0 0 0 0 0 0 0 0 0 0 0 0 0 0 0 0 0 0 0 0 0 0 0 0 0 0 0 0 0 0 0 0 0 0 0 0 0 0 0 0 0 0 0 0 0 0 0 0 0 0 0 0 0 0 0 0 0 0 0 0 0 1 0 0 33 59 1 0 1 0 0 0 0 0 0 0 0 0 0 0 2 0 0 0 0 0 3 0 2 0 0 0 16 0 0 0 255 255 255 255 2 0 5 0 0 0 0 0 data 2 0x50002 0x2764 oops 0
ciMethodData java/util/ArrayList$Itr <init> (Ljava/util/ArrayList;)V 2 15177 orig 264 8 206 112 80 0 0 0 0 40 13 89 22 0 0 0 0 56 1 0 0 0 0 0 0 0 0 0 0 0 0 0 0 0 0 0 0 0 0 0 0 0 0 0 0 0 0 0 0 0 0 0 0 0 0 0 0 0 0 0 0 0 0 0 0 0 0 0 0 0 0 0 0 0 0 0 0 0 0 0 0 77 68 79 32 101 120 116 114 97 32 100 97 116 97 32 108 111 99 107 0 0 0 0 0 0 0 0 0 0 0 0 0 0 0 0 0 0 0 0 0 0 0 0 0 0 0 0 0 0 0 0 0 0 0 0 0 0 0 0 0 0 0 0 0 0 0 0 0 0 0 0 0 0 0 0 0 0 0 0 0 0 0 0 0 0 0 0 0 0 0 0 0 0 0 0 0 0 0 0 0 0 0 0 0 0 0 0 0 0 0 0 0 0 0 0 0 0 0 0 0 0 0 0 0 0 0 0 0 0 0 0 0 0 0 0 0 0 1 0 0 73 210 1 0 1 0 0 0 0 0 0 0 0 0 0 0 2 0 0 0 0 0 3 0 2 0 0 0 16 0 0 0 255 255 255 255 2 0 6 0 0 0 0 0 data 2 0x60002 0x3a49 oops 0
ciMethod org/gradle/internal/dispatch/Dispatch dispatch (Ljava/lang/Object;)V 0 0 1 0 -1
ciMethod org/gradle/internal/event/ListenerBroadcast dispatch (Lorg/gradle/internal/dispatch/MethodInvocation;)V 3137 1 6733 0 0
ciMethod org/gradle/internal/event/ListenerBroadcast dispatch (Ljava/lang/Object;)V 3137 1 6733 0 0
ciMethod org/gradle/internal/event/AbstractBroadcastDispatch dispatch (Lorg/gradle/internal/dispatch/MethodInvocation;Lorg/gradle/internal/dispatch/Dispatch;)V 2049 1 5389 0 0
ciMethod org/gradle/internal/event/AbstractBroadcastDispatch dispatch (Lorg/gradle/internal/dispatch/MethodInvocation;Ljava/util/Iterator;)V 3401 8193 3533 0 1536
ciMethod org/gradle/internal/UncheckedException throwAsUncheckedException (Ljava/lang/Throwable;)Ljava/lang/RuntimeException; 49 1 11 11 0
ciMethod org/gradle/internal/UncheckedException throwAsUncheckedException (Ljava/lang/Throwable;Z)Ljava/lang/RuntimeException; 49 1 14 14 -1
ciMethod org/gradle/internal/event/ListenerNotificationException getEvent ()Lorg/gradle/internal/dispatch/MethodInvocation; 0 0 1 0 -1
ciMethod org/gradle/internal/exceptions/DefaultMultiCauseException getCauses ()Ljava/util/List; 0 0 1 0 -1
ciMethod org/gradle/internal/event/BroadcastDispatch$CompositeDispatch dispatch (Lorg/gradle/internal/dispatch/MethodInvocation;)V 3105 1 5591 0 0
ciMethod org/gradle/internal/event/BroadcastDispatch$CompositeDispatch dispatch (Ljava/lang/Object;)V 3105 1 5591 0 1952
ciMethod org/gradle/internal/event/BroadcastDispatch$SingletonDispatch dispatch (Lorg/gradle/internal/dispatch/MethodInvocation;)V 2049 1 5389 0 0
ciMethod org/gradle/internal/event/BroadcastDispatch$SingletonDispatch dispatch (Ljava/lang/Object;)V 2049 1 5389 0 736
ciMethod org/gradle/internal/dispatch/ReflectionDispatch dispatch (Lorg/gradle/internal/dispatch/MethodInvocation;)V 3073 1 5510 0 512
ciMethod org/gradle/internal/dispatch/ReflectionDispatch dispatch (Ljava/lang/Object;)V 3073 1 5510 0 544
ciMethod java/lang/reflect/Proxy isProxyClass (Ljava/lang/Class;)Z 2377 1 11615 0 0
ciMethod java/lang/reflect/Proxy getInvocationHandler (Ljava/lang/Object;)Ljava/lang/reflect/InvocationHandler; 0 0 84 0 0
ciMethod java/lang/reflect/WeakCache containsValue (Ljava/lang/Object;)Z 0 0 180 0 0
ciMethod java/lang/reflect/WeakCache expungeStaleEntries ()V 665 1 2848 0 -1
ciMethod org/gradle/internal/dispatch/ProxyDispatchAdapter$DispatchingInvocationHandler invoke (Ljava/lang/Object;Ljava/lang/reflect/Method;[Ljava/lang/Object;)Ljava/lang/Object; 4097 1 6863 0 -1
ciMethod org/gradle/internal/dispatch/MethodInvocation <init> (Ljava/lang/reflect/Method;[Ljava/lang/Object;)V 4097 1 6853 0 0
ciMethod org/gradle/internal/dispatch/MethodInvocation getArguments ()[Ljava/lang/Object; 1041 1 130 0 0
ciMethod org/gradle/internal/dispatch/MethodInvocation getMethod ()Ljava/lang/reflect/Method; 1041 1 130 0 0
ciMethod org/gradle/internal/event/DefaultListenerManager$EventBroadcast dispatch (Lorg/gradle/internal/dispatch/MethodInvocation;)V 961 1 120 0 -1
ciMethod org/gradle/internal/event/DefaultListenerManager$EventBroadcast dispatch (Ljava/lang/Object;)V 961 1 120 0 0
ciMethodData org/gradle/internal/event/BroadcastDispatch$SingletonDispatch dispatch (Ljava/lang/Object;)V 2 5389 orig 264 8 206 112 80 0 0 0 0 216 203 115 22 0 0 0 0 176 1 0 0 0 0 0 0 0 0 0 0 0 0 0 0 0 0 0 0 0 0 0 0 0 0 0 0 0 0 0 0 0 0 0 0 0 0 0 0 0 0 0 0 0 0 0 0 0 0 0 0 0 0 0 0 0 0 0 0 0 0 0 0 77 68 79 32 101 120 116 114 97 32 100 97 116 97 32 108 111 99 107 0 0 0 0 0 0 0 0 0 0 0 0 0 0 0 0 0 0 0 0 0 0 0 0 0 0 0 0 0 0 0 0 0 0 0 0 0 0 0 0 0 0 0 0 0 0 0 0 0 0 0 0 0 0 0 0 0 0 0 0 0 0 0 0 0 0 0 0 0 0 0 0 0 0 0 0 0 0 0 0 0 0 0 0 0 0 0 0 0 0 0 0 0 0 0 0 0 0 0 0 0 0 0 0 0 0 0 0 0 0 0 0 0 0 0 0 0 0 1 0 0 105 160 0 0 1 0 0 0 0 0 0 0 0 0 0 0 2 0 0 0 0 0 3 0 2 0 0 0 96 0 0 0 255 255 255 255 4 0 2 0 0 0 0 0 data 12 0x20004 0x0 0x1b7cc020 0x140d 0x0 0x0 0x50005 0x0 0x185fe910 0x140d 0x0 0x0 oops 2 2 org/gradle/internal/dispatch/MethodInvocation 8 org/gradle/internal/event/BroadcastDispatch$SingletonDispatch
ciMethodData org/gradle/internal/event/BroadcastDispatch$SingletonDispatch dispatch (Lorg/gradle/internal/dispatch/MethodInvocation;)V 2 5389 orig 264 8 206 112 80 0 0 0 0 48 203 115 22 0 0 0 0 128 1 0 0 0 0 0 0 0 0 0 0 0 0 0 0 0 0 0 0 0 0 0 0 0 0 0 0 0 0 0 0 0 0 0 0 0 0 0 0 0 0 0 0 0 0 0 0 0 0 0 0 0 0 0 0 0 0 0 0 0 0 0 0 77 68 79 32 101 120 116 114 97 32 100 97 116 97 32 108 111 99 107 0 0 0 0 0 0 0 0 0 0 0 0 0 0 0 0 0 0 0 0 0 0 0 0 0 0 0 0 0 0 0 0 0 0 0 0 0 0 0 0 0 0 0 0 0 0 0 0 0 0 0 0 0 0 0 0 0 0 0 0 0 0 0 0 0 0 0 0 0 0 0 0 0 0 0 0 0 0 0 0 0 0 0 0 0 0 0 0 0 0 0 0 0 0 0 0 0 0 0 0 0 0 0 0 0 0 0 0 0 0 0 0 0 0 0 0 0 0 1 0 0 105 160 0 0 1 0 0 0 0 0 0 0 0 0 0 0 2 0 0 0 0 0 3 0 2 0 0 0 48 0 0 0 255 255 255 255 5 0 6 0 0 0 0 0 data 6 0x60005 0x0 0x185fe910 0x140d 0x0 0x0 oops 1 2 org/gradle/internal/event/BroadcastDispatch$SingletonDispatch
ciMethodData org/gradle/internal/event/AbstractBroadcastDispatch dispatch (Lorg/gradle/internal/dispatch/MethodInvocation;Lorg/gradle/internal/dispatch/Dispatch;)V 2 5389 orig 264 8 206 112 80 0 0 0 0 104 121 115 22 0 0 0 0 48 2 0 0 0 0 0 0 0 0 0 0 0 0 0 0 0 0 0 0 0 0 0 0 0 0 0 0 0 0 0 0 0 0 0 0 0 0 0 0 0 0 0 0 0 0 0 0 0 0 0 0 0 0 0 0 0 0 0 0 0 0 0 0 77 68 79 32 101 120 116 114 97 32 100 97 116 97 32 108 111 99 107 0 0 0 0 0 0 0 0 0 0 0 0 0 0 0 0 0 0 0 0 0 0 0 0 0 0 0 0 0 0 0 0 0 0 0 0 0 0 0 0 0 0 0 0 0 0 0 0 0 0 0 0 0 0 0 0 0 0 0 0 0 0 0 0 0 0 0 0 0 0 0 0 0 0 0 0 0 0 0 0 0 0 0 0 0 0 0 0 0 0 0 0 0 0 0 0 0 0 0 0 0 0 0 0 0 0 0 0 0 0 0 0 0 0 0 0 0 0 1 0 0 105 160 0 0 1 0 0 0 0 0 0 0 0 0 0 0 2 0 0 0 0 0 8 0 2 0 0 0 216 0 0 0 255 255 255 255 5 0 2 0 0 0 0 0 data 27 0x20005 0x3 0x191c4c30 0x13eb 0x191c4ce0 0x1f 0x70003 0x140d 0xa8 0x110002 0x0 0x150005 0x0 0x0 0x0 0x0 0x0 0x180002 0x0 0x1b0002 0x0 0x290002 0x0 0x2d0002 0x0 0x300002 0x0 oops 2 2 org/gradle/internal/dispatch/ReflectionDispatch 4 org/gradle/internal/event/DefaultListenerManager$EventBroadcast$ListenerDispatch
ciMethodData org/gradle/internal/dispatch/ReflectionDispatch dispatch (Ljava/lang/Object;)V 2 5510 orig 264 8 206 112 80 0 0 0 0 64 228 115 22 0 0 0 0 176 1 0 0 0 0 0 0 0 0 0 0 0 0 0 0 0 0 0 0 0 0 0 0 0 0 0 0 0 0 0 0 0 0 0 0 0 0 0 0 0 0 0 0 0 0 0 0 0 0 0 0 0 0 0 0 0 0 0 0 0 0 0 0 77 68 79 32 101 120 116 114 97 32 100 97 116 97 32 108 111 99 107 0 0 0 0 0 0 0 0 0 0 0 0 0 0 0 0 0 0 0 0 0 0 0 0 0 0 0 0 0 0 0 0 0 0 0 0 0 0 0 0 0 0 0 0 0 0 0 0 0 0 0 0 0 0 0 0 0 0 0 0 0 0 0 0 0 0 0 0 0 0 0 0 0 0 0 0 0 0 0 0 0 0 0 0 0 0 0 0 0 0 0 0 0 0 0 0 0 0 0 0 0 0 0 0 0 0 0 0 0 0 0 0 0 0 0 0 0 128 1 0 0 49 160 0 0 1 0 0 0 0 0 0 0 0 0 0 0 2 0 0 0 0 0 3 0 2 0 0 0 96 0 0 0 255 255 255 255 4 0 2 0 0 0 0 0 data 12 0x20004 0x0 0x1b7cc020 0x1406 0x0 0x0 0x50005 0x0 0x191c4c30 0x1406 0x0 0x0 oops 2 2 org/gradle/internal/dispatch/MethodInvocation 8 org/gradle/internal/dispatch/ReflectionDispatch
ciMethodData org/gradle/internal/dispatch/ReflectionDispatch dispatch (Lorg/gradle/internal/dispatch/MethodInvocation;)V 2 5510 orig 264 8 206 112 80 0 0 0 0 152 227 115 22 0 0 0 0 120 2 0 0 0 0 0 0 0 0 0 0 0 0 0 0 0 0 0 0 0 0 0 0 0 0 0 0 0 0 0 0 0 0 0 0 0 0 0 0 0 0 0 0 0 0 0 0 0 0 0 0 0 0 0 0 0 0 0 0 0 0 0 0 77 68 79 32 101 120 116 114 97 32 100 97 116 97 32 108 111 99 107 0 0 0 0 0 0 0 0 0 0 0 0 0 0 0 0 0 0 0 0 0 0 0 0 0 0 0 0 0 0 0 0 0 0 0 0 0 0 0 0 0 0 0 0 0 0 0 0 0 0 0 0 0 0 0 0 0 0 0 0 0 0 0 0 0 0 0 0 0 0 0 0 0 0 0 0 0 0 0 0 0 0 0 0 0 0 0 0 0 0 0 0 0 0 0 0 0 0 0 0 0 0 0 0 0 0 0 0 0 0 0 0 0 0 0 0 0 128 1 0 0 49 160 0 0 1 0 0 0 0 0 0 0 0 0 0 0 2 0 0 0 0 0 11 0 2 0 0 0 40 1 0 0 255 255 255 255 5 0 1 0 0 0 0 0 data 37 0x10005 0x0 0x1b7cc020 0x1406 0x0 0x0 0x70005 0x0 0x322ce90 0x1406 0x0 0x0 0x100005 0x0 0x1b7cc020 0x1406 0x0 0x0 0x130005 0x0 0x322ce90 0x1406 0x0 0x0 0x170003 0x1406 0x68 0x1c0005 0x0 0x0 0x0 0x0 0x0 0x1f0002 0x0 0x250002 0x0 oops 4 2 org/gradle/internal/dispatch/MethodInvocation 8 java/lang/reflect/Method 14 org/gradle/internal/dispatch/MethodInvocation 20 java/lang/reflect/Method
ciMethod sun/reflect/MethodAccessorGenerator <init> ()V 209 1 385 0 -1
ciMethod sun/reflect/MethodAccessorGenerator generateMethod (Ljava/lang/Class;Ljava/lang/String;[Ljava/lang/Class;Ljava/lang/Class;[Ljava/lang/Class;I)Lsun/reflect/MethodAccessor; 25 1 83 0 -1
ciMethodData java/lang/reflect/AccessibleObject setAccessible (Z)V 2 10013 orig 264 8 206 112 80 0 0 0 0 64 192 50 22 0 0 0 0 192 1 0 0 48 0 0 0 0 0 0 0 0 0 0 0 0 0 0 0 0 0 0 0 0 0 0 0 0 0 0 0 0 0 0 0 0 0 0 0 0 0 0 0 0 0 0 0 0 0 0 0 0 0 0 0 0 0 0 0 0 0 0 0 77 68 79 32 101 120 116 114 97 32 100 97 116 97 32 108 111 99 107 0 0 0 0 0 0 0 0 0 0 0 0 0 0 0 0 0 0 0 0 0 0 0 0 0 0 0 0 0 0 0 0 0 0 0 0 0 0 0 0 0 0 0 0 0 0 0 0 0 0 0 0 0 0 0 0 0 0 0 0 0 0 0 0 0 0 0 0 0 0 0 0 0 0 0 0 0 0 0 0 0 0 0 0 0 0 0 0 0 0 0 0 0 0 0 0 0 0 0 0 0 0 0 0 0 0 0 0 0 0 0 0 0 0 0 0 0 0 1 0 0 233 48 1 0 1 0 0 0 0 0 0 0 0 0 0 0 2 0 0 0 0 0 6 0 2 0 0 0 112 0 0 0 255 255 255 255 2 0 0 0 0 0 0 0 data 14 0x2 0x261d 0x50007 0x261d 0x50 0x0 0xc0005 0x0 0x0 0x0 0x0 0x0 0x110002 0x261d oops 0
ciMethodData java/lang/reflect/AccessibleObject setAccessible0 (Ljava/lang/reflect/AccessibleObject;Z)V 2 14680 orig 264 8 206 112 80 0 0 0 0 0 193 50 22 0 0 0 0 80 2 0 0 208 0 0 0 0 0 0 0 0 0 0 0 0 0 0 0 0 0 0 0 0 0 0 0 0 0 0 0 0 0 0 0 0 0 0 0 0 0 0 0 0 0 0 0 0 0 0 0 0 0 0 0 0 0 0 0 0 0 0 0 77 68 79 32 101 120 116 114 97 32 100 97 116 97 32 108 111 99 107 0 0 0 0 0 0 0 0 0 0 0 0 0 0 0 0 0 0 0 0 0 0 0 0 0 0 0 0 0 0 0 0 0 0 0 0 0 0 0 0 0 0 0 0 0 1 0 0 0 0 0 0 0 0 0 0 0 0 0 0 0 0 0 0 0 0 0 0 0 0 0 0 0 0 0 0 0 0 0 0 1 0 0 0 0 0 0 0 0 0 0 0 0 0 0 0 0 0 0 0 0 0 0 0 0 0 0 0 0 0 0 0 0 0 0 0 0 0 1 0 0 193 194 1 0 1 0 0 0 44 33 0 0 0 0 0 0 2 0 0 0 0 0 10 0 2 0 0 0 0 1 0 0 255 255 255 255 4 0 1 0 0 0 0 0 data 32 0x10004 0xffffffffffffca81 0x16c7cf60 0x2d9 0x322ce90 0x8a 0x40007 0x357f 0xd0 0x2d9 0x90007 0x0 0xb0 0x2d9 0xd0004 0x0 0x16c7cf60 0x2d9 0x0 0x0 0x120005 0x0 0x16c7cf60 0x2d9 0x0 0x0 0x17e007 0x2d9 0x30 0x1 0x200002 0x1 oops 4 2 java/lang/reflect/Constructor 4 java/lang/reflect/Method 16 java/lang/reflect/Constructor 22 java/lang/reflect/Constructor
ciMethodData java/lang/reflect/Method invoke (Ljava/lang/Object;[Ljava/lang/Object;)Ljava/lang/Object; 2 5378 orig 264 8 206 112 80 0 0 0 0 72 55 51 22 0 0 0 0 72 2 0 0 176 0 0 0 0 0 0 0 0 0 0 0 0 0 0 0 0 0 0 0 0 0 0 0 0 0 0 0 0 0 0 0 0 0 0 0 0 0 0 0 0 0 0 0 0 0 0 0 0 0 0 0 0 0 0 0 0 0 0 0 77 68 79 32 101 120 116 114 97 32 100 97 116 97 32 108 111 99 107 0 0 0 0 0 0 0 0 0 0 0 0 0 0 0 0 0 0 0 0 0 0 0 0 0 0 0 0 0 0 0 0 0 0 0 0 0 0 0 0 0 0 0 0 0 0 0 0 0 0 0 0 0 0 0 0 0 0 0 0 0 0 0 0 0 0 0 0 0 0 0 0 0 0 0 0 0 0 0 0 0 0 0 0 0 17 0 0 0 0 0 0 0 0 0 0 0 0 0 0 0 0 0 0 0 0 0 0 0 0 0 0 0 0 0 0 0 1 1 0 0 1 160 0 0 1 0 0 0 0 0 0 0 0 0 0 0 2 0 0 0 0 0 16 0 2 0 0 0 240 0 0 0 255 255 255 255 7 0 4 0 0 0 0 0 data 30 0x40007 0x12bd 0x90 0x143 0xf0002 0x143 0x120007 0x143 0x60 0x0 0x150002 0x0 0x240005 0x0 0x0 0x0 0x0 0x0 0x2d0007 0x11d3 0x30 0x22d 0x310002 0x22d 0x380005 0x0 0x1df97d20 0x1400 0x0 0x0 oops 1 26 sun/reflect/DelegatingMethodAccessorImpl
ciMethodData java/lang/reflect/Method acquireMethodAccessor ()Lsun/reflect/MethodAccessor; 1 604 orig 264 8 206 112 80 0 0 0 0 160 58 51 22 0 0 0 0 48 2 0 0 112 0 0 0 0 0 0 0 0 0 0 0 0 0 0 0 0 0 0 0 0 0 0 0 0 0 0 0 0 0 0 0 0 0 0 0 0 0 0 0 0 0 0 0 0 0 0 0 0 0 0 0 0 0 0 0 0 0 0 0 77 68 79 32 101 120 116 114 97 32 100 97 116 97 32 108 111 99 107 0 0 0 0 0 0 0 0 0 0 0 0 0 0 0 0 0 0 0 0 0 0 0 0 0 0 0 0 0 0 0 0 0 0 0 0 0 0 0 0 0 0 0 0 0 0 0 0 0 0 0 0 0 0 0 0 0 0 0 0 0 0 0 0 0 0 0 0 0 0 0 0 0 0 0 0 0 0 0 0 0 0 0 0 0 17 0 0 0 0 0 0 0 0 0 0 0 0 0 0 0 0 0 0 0 0 0 0 0 0 0 0 0 0 0 0 0 47 0 0 0 105 17 0 0 1 0 0 0 0 0 0 0 0 0 0 0 2 0 0 0 0 0 15 0 2 0 0 0 232 0 0 0 255 255 255 255 7 0 6 0 0 0 0 0 data 29 0x60007 0x0 0x50 0x22d 0xd0005 0x101 0x322ce90 0x12c 0x0 0x0 0x120007 0x22b 0x38 0x2 0x1a0003 0x2 0x78 0x210005 0x0 0x1e638f50 0x22b 0x0 0x0 0x270005 0x101 0x322ce90 0x12a 0x0 0x0 oops 3 6 java/lang/reflect/Method 19 sun/reflect/ReflectionFactory 25 java/lang/reflect/Method
ciMethodData sun/reflect/DelegatingMethodAccessorImpl invoke (Ljava/lang/Object;[Ljava/lang/Object;)Ljava/lang/Object; 2 5378 orig 264 8 206 112 80 0 0 0 0 72 208 92 22 0 0 0 0 136 1 0 0 0 0 0 0 0 0 0 0 0 0 0 0 0 0 0 0 0 0 0 0 0 0 0 0 0 0 0 0 0 0 0 0 0 0 0 0 0 0 0 0 0 0 0 0 0 0 0 0 0 0 0 0 0 0 0 0 0 0 0 0 77 68 79 32 101 120 116 114 97 32 100 97 116 97 32 108 111 99 107 0 0 0 0 0 0 0 0 0 0 0 0 0 0 0 0 0 0 0 0 0 0 0 0 0 0 0 0 0 0 0 0 0 0 0 0 0 0 0 0 0 0 0 0 0 0 0 0 0 0 0 0 0 0 0 0 0 0 0 0 0 0 0 0 0 0 0 0 0 0 0 0 0 0 0 0 0 0 0 0 0 0 0 0 0 0 0 0 0 0 0 0 0 0 0 0 0 0 0 0 0 0 0 0 0 0 0 0 0 0 0 0 0 0 0 0 0 2 1 0 0 1 160 0 0 1 0 0 0 0 0 0 0 0 0 0 0 2 0 0 0 0 0 3 0 2 0 0 0 48 0 0 0 255 255 255 255 5 0 6 0 0 0 0 0 data 6 0x60005 0x307 0x1bf31b00 0xc8e 0x1e63c9b0 0x46b oops 2 2 sun/reflect/GeneratedMethodAccessor1 4 sun/reflect/NativeMethodAccessorImpl
ciMethodData java/lang/reflect/Method setMethodAccessor (Lsun/reflect/MethodAccessor;)V 1 1204 orig 264 8 206 112 80 0 0 0 0 224 59 51 22 0 0 0 0 160 1 0 0 0 0 0 0 0 0 0 0 0 0 0 0 0 0 0 0 0 0 0 0 0 0 0 0 0 0 0 0 0 0 0 0 0 0 0 0 0 0 0 0 0 0 0 0 0 0 0 0 0 0 0 0 0 0 0 0 0 0 0 0 77 68 79 32 101 120 116 114 97 32 100 97 116 97 32 108 111 99 107 0 0 0 0 0 0 0 0 0 0 0 0 0 0 0 0 0 0 0 0 0 0 0 0 0 0 0 0 0 0 0 0 0 0 0 0 0 0 0 0 0 0 0 0 0 0 0 0 0 0 0 0 0 0 0 0 0 0 0 0 0 0 0 0 0 0 0 0 0 0 0 0 0 0 0 0 0 0 0 0 0 0 0 0 0 17 0 0 0 0 0 0 0 0 0 0 0 0 0 0 0 1 0 0 0 0 0 0 0 0 0 0 0 0 0 0 0 0 1 0 0 161 29 0 0 1 0 0 0 0 0 0 0 0 0 0 0 2 0 0 0 0 0 9 0 2 0 0 0 80 0 0 0 255 255 255 255 7 0 9 0 0 0 0 0 data 10 0x90007 0x1da 0x50 0x1da 0x110005 0x0 0x322ce90 0x1da 0x0 0x0 oops 1 6 java/lang/reflect/Method
ciMethodData java/lang/reflect/Proxy getInvocationHandler (Ljava/lang/Object;)Ljava/lang/reflect/InvocationHandler; 1 84 orig 264 8 206 112 80 0 0 0 0 0 242 144 22 0 0 0 0 248 2 0 0 96 0 0 0 0 0 0 0 0 0 0 0 0 0 0 0 0 0 0 0 0 0 0 0 0 0 0 0 0 0 0 0 0 0 0 0 0 0 0 0 0 0 0 0 0 0 0 0 0 0 0 0 0 0 0 0 0 0 0 0 77 68 79 32 101 120 116 114 97 32 100 97 116 97 32 108 111 99 107 0 0 0 0 0 0 0 0 0 0 0 0 0 0 0 0 0 0 0 0 0 0 0 0 0 0 0 0 0 0 0 0 0 0 0 0 0 0 0 0 0 0 0 0 0 0 0 0 0 0 0 0 0 0 0 0 0 0 0 0 0 0 0 0 0 0 0 0 0 0 0 0 0 0 0 0 0 0 0 0 0 0 0 0 0 0 0 0 0 0 0 0 0 0 0 0 0 0 0 0 0 0 0 0 0 0 0 0 0 0 0 0 0 0 0 0 0 0 0 0 0 161 2 0 0 1 0 0 0 0 0 0 0 0 0 0 0 2 0 0 0 0 0 0 0 0 0 0 0 176 1 0 0 255 255 255 255 5 0 1 0 0 0 0 0 data 54 0x10005 0x54 0x0 0x0 0x0 0x0 0x40002 0x54 0x70007 0x54 0x30 0x0 0x100002 0x0 0x150004 0x0 0x1d0d53a0 0x54 0x0 0x0 0x1e0002 0x54 0x210007 0x54 0x100 0x0 0x250005 0x0 0x0 0x0 0x0 0x0 0x290002 0x0 0x300005 0x0 0x0 0x0 0x0 0x0 0x340005 0x0 0x0 0x0 0x0 0x0 0x370002 0x0 0x3a0007 0x0 0x30 0x0 0x3e0002 0x0 oops 1 16 com/sun/proxy/$Proxy94
ciMethodData java/lang/reflect/Proxy isProxyClass (Ljava/lang/Class;)Z 2 11615 orig 264 8 206 112 80 0 0 0 0 16 241 144 22 0 0 0 0 0 2 0 0 48 0 0 0 0 0 0 0 0 0 0 0 0 0 0 0 0 0 0 0 0 0 0 0 0 0 0 0 0 0 0 0 0 0 0 0 0 0 0 0 0 0 0 0 0 0 0 0 0 0 0 0 0 0 0 0 0 0 0 0 77 68 79 32 101 120 116 114 97 32 100 97 116 97 32 108 111 99 107 0 0 0 0 0 0 0 0 0 0 0 0 0 0 0 0 0 0 0 0 0 0 0 0 0 0 0 0 0 0 0 0 0 0 0 0 0 0 0 0 0 0 0 0 0 1 0 0 0 2 0 0 0 0 0 0 0 0 0 0 0 0 0 0 0 0 0 0 0 0 0 0 0 0 0 0 0 0 0 0 3 0 0 0 0 17 0 0 0 0 0 0 0 0 0 0 0 0 0 0 0 0 0 0 0 0 0 0 0 0 0 0 0 0 0 0 0 41 1 0 0 177 97 1 0 1 0 0 0 33 41 0 0 0 0 0 0 2 0 0 0 1 0 17 0 2 0 0 0 184 0 0 0 255 255 255 255 5 0 3 0 0 0 0 0 data 23 0x30005 0x66 0x322b7d0 0x2bd0 0x0 0x0 0x6e007 0x2b86 0x88 0xb3 0xd0005 0x67 0x1b65d340 0x4c 0x0 0x0 0x100007 0x3 0x38 0xb0 0x140003 0xb0 0x18 oops 2 2 java/lang/Class 12 java/lang/reflect/WeakCache
ciMethodData java/lang/reflect/WeakCache containsValue (Ljava/lang/Object;)Z 1 180 orig 264 8 206 112 80 0 0 0 0 32 4 145 22 0 0 0 0 176 1 0 0 0 0 0 0 0 0 0 0 0 0 0 0 0 0 0 0 0 0 0 0 0 0 0 0 0 0 0 0 0 0 0 0 0 0 0 0 0 0 0 0 0 0 0 0 0 0 0 0 0 0 0 0 0 0 0 0 0 0 0 0 77 68 79 32 101 120 116 114 97 32 100 97 116 97 32 108 111 99 107 0 0 0 0 0 0 0 0 0 0 0 0 0 0 0 0 0 0 0 0 0 0 0 0 0 0 0 0 0 0 0 0 0 0 0 0 0 0 0 0 0 0 0 0 0 0 0 0 0 0 0 0 0 0 0 0 0 0 0 0 0 0 0 0 0 0 0 0 0 0 0 0 0 0 0 0 0 0 0 0 0 0 0 0 0 25 0 0 0 0 0 0 0 0 0 0 0 0 0 0 0 1 0 0 0 0 0 0 0 0 0 0 0 0 0 0 0 0 0 0 0 161 5 0 0 1 0 0 0 0 0 0 0 0 0 0 0 2 0 0 0 0 0 0 0 0 0 0 0 96 0 0 0 255 255 255 255 2 0 1 0 0 0 0 0 data 12 0x10002 0xb4 0x60002 0xb4 0x120002 0xb4 0x150005 0x0 0x1d0d6720 0xb4 0x0 0x0 oops 1 8 java/util/concurrent/ConcurrentHashMap
ciMethodData sun/reflect/ReflectionFactory newMethodAccessor (Ljava/lang/reflect/Method;)Lsun/reflect/MethodAccessor; 1 910 orig 264 8 206 112 80 0 0 0 0 72 201 59 22 0 0 0 0 144 3 0 0 192 1 0 0 0 0 0 0 0 0 0 0 0 0 0 0 0 0 0 0 0 0 0 0 0 0 0 0 0 0 0 0 0 0 0 0 0 0 0 0 0 0 0 0 0 0 0 0 0 0 0 0 0 0 0 0 0 0 0 0 77 68 79 32 101 120 116 114 97 32 100 97 116 97 32 108 111 99 107 0 0 0 0 0 0 0 0 0 0 0 0 0 0 0 0 0 0 0 0 0 0 0 0 0 0 0 0 0 0 0 0 0 0 0 0 0 0 0 0 0 0 0 0 0 0 0 0 0 0 0 0 0 0 0 0 0 0 0 0 0 0 0 0 0 0 0 0 0 0 0 0 0 0 0 0 0 0 0 0 0 0 0 0 0 25 0 0 0 0 0 0 0 1 0 0 0 0 0 0 0 1 0 0 0 0 0 0 0 0 0 0 0 0 0 0 0 0 1 0 0 113 20 0 0 1 0 0 0 0 0 0 0 0 0 0 0 2 0 0 0 0 0 19 0 2 0 0 0 64 2 0 0 255 255 255 255 2 0 0 0 0 0 0 0 data 72 0x2 0x28e 0x60007 0x28e 0x1e0 0x0 0xa0005 0x0 0x0 0x0 0x0 0x0 0xd0002 0x0 0x100007 0x0 0x180 0x0 0x170002 0x0 0x1b0005 0x0 0x0 0x0 0x0 0x0 0x1f0005 0x0 0x0 0x0 0x0 0x0 0x230005 0x0 0x0 0x0 0x0 0x0 0x270005 0x0 0x0 0x0 0x0 0x0 0x2b0005 0x0 0x0 0x0 0x0 0x0 0x2f0005 0x0 0x0 0x0 0x0 0x0 0x320005 0x0 0x0 0x0 0x0 0x0 0x3b0002 0x28e 0x440002 0x28e 0x4a0005 0x0 0x1e63c9b0 0x28e 0x0 0x0 oops 1 68 sun/reflect/NativeMethodAccessorImpl
ciMethodData org/gradle/internal/dispatch/ProxyDispatchAdapter$DispatchingInvocationHandler invoke (Ljava/lang/Object;Ljava/lang/reflect/Method;[Ljava/lang/Object;)Ljava/lang/Object; 2 6863 orig 264 8 206 112 80 0 0 0 0 48 222 146 22 0 0 0 0 248 5 0 0 40 4 0 0 0 0 0 0 0 0 0 0 0 0 0 0 0 0 0 0 0 0 0 0 0 0 0 0 0 0 0 0 0 0 0 0 0 0 0 0 0 0 0 0 0 0 0 0 0 0 0 0 0 0 0 0 0 0 0 0 77 68 79 32 101 120 116 114 97 32 100 97 116 97 32 108 111 99 107 0 0 0 0 0 0 0 0 0 0 0 0 0 0 0 0 0 0 0 0 0 0 0 0 0 0 0 0 0 0 0 0 0 0 0 0 0 0 0 0 0 0 0 0 0 0 0 0 0 0 0 0 0 0 0 0 0 0 0 0 0 0 0 0 0 0 0 0 0 0 0 0 0 0 0 0 0 0 0 0 0 0 0 0 0 0 0 0 0 0 0 0 0 0 0 0 0 0 0 0 0 0 0 0 0 0 0 0 0 0 0 0 0 0 0 0 0 0 2 0 0 121 198 0 0 1 0 0 0 0 0 0 0 0 0 0 0 2 0 0 0 0 0 51 0 2 0 0 0 152 4 0 0 255 255 255 255 5 0 1 0 0 0 0 0 data 147 0x10005 0x3 0x322ce90 0x18cc 0x0 0x0 0x60005 0x3 0x322b740 0x18cc 0x0 0x0 0x90007 0x18c6 0x1e8 0x9 0x130007 0x0 0x80 0x9 0x180005 0x0 0x1b7c91c0 0x5 0x1b7c9270 0x4 0x1b0002 0x9 0x1e0007 0x0 0x30 0x9 0x220002 0x9 0x280002 0x0 0x320005 0x0 0x0 0x0 0x0 0x0 0x350007 0x0 0x30 0x0 0x390002 0x0 0x3f0004 0x0 0x0 0x0 0x0 0x0 0x4d0005 0x0 0x0 0x0 0x0 0x0 0x500007 0x0 0x58 0x0 0x5c0007 0x0 0x38 0x0 0x600003 0x0 0x18 0x640002 0x0 0x690005 0x3 0x322ce90 0x18c3 0x0 0x0 0x6e0005 0x3 0x322b740 0x18c3 0x0 0x0 0x710007 0x18c6 0x60 0x0 0x780005 0x0 0x0 0x0 0x0 0x0 0x7b0002 0x0 0x800005 0x3 0x322ce90 0x18c3 0x0 0x0 0x850005 0x3 0x322b740 0x18c3 0x0 0x0 0x880007 0x18c6 0xf0 0x0 0x8f0002 0x0 0x960005 0x0 0x0 0x0 0x0 0x0 0x990005 0x0 0x0 0x0 0x0 0x0 0x9e0005 0x0 0x0 0x0 0x0 0x0 0xa10005 0x0 0x0 0x0 0x0 0x0 0xaf0002 0x18c6 0xb20005 0x0 0x1b7c9320 0x1856 0x1b7c93d0 0x70 oops 10 2 java/lang/reflect/Method 8 java/lang/String 22 com/android/build/gradle/BasePlugin$$Lambda$80 24 org/gradle/internal/operations/notify/BuildOperationNotificationBridge$1$1$1 75 java/lang/reflect/Method 81 java/lang/String 99 java/lang/reflect/Method 105 java/lang/String 143 org/gradle/internal/event/ListenerBroadcast 145 org/gradle/internal/event/DefaultListenerManager$EventBroadcast
ciMethodData java/lang/Boolean valueOf (Z)Ljava/lang/Boolean; 2 29144 orig 264 8 206 112 80 0 0 0 0 160 122 56 22 0 0 0 0 88 1 0 0 0 0 0 0 0 0 0 0 0 0 0 0 0 0 0 0 0 0 0 0 0 0 0 0 0 0 0 0 0 0 0 0 0 0 0 0 0 0 0 0 0 0 0 0 0 0 0 0 0 0 0 0 0 0 0 0 0 0 0 0 77 68 79 32 101 120 116 114 97 32 100 97 116 97 32 108 111 99 107 0 0 0 0 0 0 0 0 0 0 0 0 0 0 0 0 0 0 0 0 0 0 0 0 0 0 0 0 0 0 0 0 0 0 0 0 0 0 0 0 0 0 0 0 0 0 0 0 0 0 0 0 0 0 0 0 0 0 0 0 0 0 0 0 0 0 0 0 0 0 0 0 0 0 0 0 0 0 0 0 0 0 0 0 0 0 0 0 0 0 0 0 0 0 0 0 0 0 0 0 0 0 0 0 0 0 0 0 0 0 0 0 0 0 0 0 0 128 1 0 0 193 130 3 0 1 0 0 0 0 0 0 0 0 0 0 0 2 0 0 0 0 0 6 0 2 0 0 0 56 0 0 0 255 255 255 255 7 0 1 0 0 0 0 0 data 7 0x10007 0x539c 0x38 0x1cbc 0x70003 0x1cbc 0x18 oops 0
ciMethodData org/gradle/internal/event/AbstractBroadcastDispatch dispatch (Lorg/gradle/internal/dispatch/MethodInvocation;Ljava/util/Iterator;)V 2 14928 orig 264 8 206 112 80 0 0 0 0 88 123 115 22 0 0 0 0 32 6 0 0 120 4 0 0 0 0 0 0 0 0 0 0 0 0 0 0 0 0 0 0 0 0 0 0 0 0 0 0 0 0 0 0 0 0 0 0 0 0 0 0 0 0 0 0 0 0 0 0 0 0 0 0 0 0 0 0 0 0 0 0 77 68 79 32 101 120 116 114 97 32 100 97 116 97 32 108 111 99 107 0 0 0 0 0 0 0 0 0 0 0 0 0 0 0 0 0 0 0 0 0 0 0 0 0 0 0 0 0 0 0 0 0 0 0 0 0 0 0 0 0 0 0 0 0 0 0 0 0 0 0 0 0 0 0 0 0 0 0 0 0 0 0 0 0 0 0 0 0 0 0 0 0 0 0 0 0 0 0 0 0 0 0 0 0 0 0 0 0 0 0 0 0 0 0 0 0 0 0 0 0 0 0 0 0 0 0 0 0 0 0 0 0 0 0 0 0 0 4 0 0 33 97 0 0 129 178 1 0 0 0 0 0 0 0 0 0 2 0 0 0 1 0 31 0 2 0 0 0 200 4 0 0 255 255 255 255 5 0 3 0 0 0 0 0 data 153 0x30005 0x0 0x1bf35000 0x4272 0x0 0x0 0x80007 0xc24 0x328 0x364e 0xc0005 0x0 0x1bf35000 0x364e 0x0 0x0 0x110004 0x0 0x185fe910 0x3384 0x191c4ce0 0x14b 0x190005 0x17f 0x185fe910 0x3384 0x191c4ce0 0x14b 0x1e0003 0x364e 0x260 0x240007 0x0 0x30 0x0 0x2b0002 0x0 0x310005 0x0 0x0 0x0 0x0 0x0 0x350007 0x0 0x98 0x0 0x3b0005 0x0 0x0 0x0 0x0 0x0 0x3e0005 0x0 0x0 0x0 0x0 0x0 0x440003 0x0 0x48 0x4a0005 0x0 0x0 0x0 0x0 0x0 0x500003 0x0 0x120 0x560007 0x0 0x30 0x0 0x5d0002 0x0 0x640005 0x0 0x0 0x0 0x0 0x0 0x670005 0x0 0x0 0x0 0x0 0x0 0x6d0003 0x0 0x78 0x730007 0x0 0x30 0x0 0x7a0002 0x0 0x810005 0x0 0x0 0x0 0x0 0x0 0x870003 0x364e 0xfffffffffffffcc0 0x8b0007 0x0 0x20 0xc24 0x900005 0x0 0x0 0x0 0x0 0x0 0x960007 0x0 0x100 0x0 0x9b0005 0x0 0x0 0x0 0x0 0x0 0xa00004 0x0 0x0 0x0 0x0 0x0 0xa30007 0x0 0x80 0x0 0xa80005 0x0 0x0 0x0 0x0 0x0 0xad0004 0x0 0x0 0x0 0x0 0x0 0xb70002 0x0 0xbb0002 0x0 oops 6 2 java/util/ArrayList$Itr 12 java/util/ArrayList$Itr 18 org/gradle/internal/event/BroadcastDispatch$SingletonDispatch 20 org/gradle/internal/event/DefaultListenerManager$EventBroadcast$ListenerDispatch 24 org/gradle/internal/event/BroadcastDispatch$SingletonDispatch 26 org/gradle/internal/event/DefaultListenerManager$EventBroadcast$ListenerDispatch
ciMethodData org/gradle/internal/event/ListenerBroadcast dispatch (Ljava/lang/Object;)V 2 6733 orig 264 8 206 112 80 0 0 0 0 104 95 115 22 0 0 0 0 176 1 0 0 0 0 0 0 0 0 0 0 0 0 0 0 0 0 0 0 0 0 0 0 0 0 0 0 0 0 0 0 0 0 0 0 0 0 0 0 0 0 0 0 0 0 0 0 0 0 0 0 0 0 0 0 0 0 0 0 0 0 0 0 77 68 79 32 101 120 116 114 97 32 100 97 116 97 32 108 111 99 107 0 0 0 0 0 0 0 0 0 0 0 0 0 0 0 0 0 0 0 0 0 0 0 0 0 0 0 0 0 0 0 0 0 0 0 0 0 0 0 0 0 0 0 0 0 0 0 0 0 0 0 0 0 0 0 0 0 0 0 0 0 0 0 0 0 0 0 0 0 0 0 0 0 0 0 0 0 0 0 0 0 0 0 0 0 0 0 0 0 0 0 0 0 0 0 0 0 0 0 0 0 0 0 0 0 0 0 0 0 0 0 0 0 0 0 0 0 136 1 0 0 41 198 0 0 1 0 0 0 0 0 0 0 0 0 0 0 2 0 0 0 0 0 3 0 2 0 0 0 96 0 0 0 255 255 255 255 4 0 2 0 0 0 0 0 data 12 0x20004 0x0 0x1b7cc020 0x18c5 0x0 0x0 0x50005 0x0 0x1b7c9320 0x18c5 0x0 0x0 oops 2 2 org/gradle/internal/dispatch/MethodInvocation 8 org/gradle/internal/event/ListenerBroadcast
ciMethodData org/gradle/internal/event/ListenerBroadcast dispatch (Lorg/gradle/internal/dispatch/MethodInvocation;)V 2 6733 orig 264 8 206 112 80 0 0 0 0 192 94 115 22 0 0 0 0 128 1 0 0 0 0 0 0 0 0 0 0 0 0 0 0 0 0 0 0 0 0 0 0 0 0 0 0 0 0 0 0 0 0 0 0 0 0 0 0 0 0 0 0 0 0 0 0 0 0 0 0 0 0 0 0 0 0 0 0 0 0 0 0 77 68 79 32 101 120 116 114 97 32 100 97 116 97 32 108 111 99 107 0 0 0 0 0 0 0 0 0 0 0 0 0 0 0 0 0 0 0 0 0 0 0 0 0 0 0 0 0 0 0 0 0 0 0 0 0 0 0 0 0 0 0 0 0 0 0 0 0 0 0 0 0 0 0 0 0 0 0 0 0 0 0 0 0 0 0 0 0 0 0 0 0 0 0 0 0 0 0 0 0 0 0 0 0 0 0 0 0 0 0 0 0 0 0 0 0 0 0 0 0 0 0 0 0 0 0 0 0 0 0 0 0 0 0 0 0 136 1 0 0 41 198 0 0 1 0 0 0 0 0 0 0 0 0 0 0 2 0 0 0 0 0 3 0 2 0 0 0 48 0 0 0 255 255 255 255 5 0 5 0 0 0 0 0 data 6 0x50005 0x0 0x185fe860 0x1818 0x185fe910 0xad oops 2 2 org/gradle/internal/event/BroadcastDispatch$CompositeDispatch 4 org/gradle/internal/event/BroadcastDispatch$SingletonDispatch
ciMethodData org/gradle/internal/event/BroadcastDispatch$CompositeDispatch dispatch (Ljava/lang/Object;)V 2 5591 orig 264 8 206 112 80 0 0 0 0 112 188 115 22 0 0 0 0 176 1 0 0 0 0 0 0 0 0 0 0 0 0 0 0 0 0 0 0 0 0 0 0 0 0 0 0 0 0 0 0 0 0 0 0 0 0 0 0 0 0 0 0 0 0 0 0 0 0 0 0 0 0 0 0 0 0 0 0 0 0 0 0 77 68 79 32 101 120 116 114 97 32 100 97 116 97 32 108 111 99 107 0 0 0 0 0 0 0 0 0 0 0 0 0 0 0 0 0 0 0 0 0 0 0 0 0 0 0 0 0 0 0 0 0 0 0 0 0 0 0 0 0 0 0 0 0 0 0 0 0 0 0 0 0 0 0 0 0 0 0 0 0 0 0 0 0 0 0 0 0 0 0 0 0 0 0 0 0 0 0 0 0 0 0 0 0 0 0 0 0 0 0 0 0 0 0 0 0 0 0 0 0 0 0 0 0 0 0 0 0 0 0 0 0 0 0 0 0 132 1 0 0 153 162 0 0 1 0 0 0 0 0 0 0 0 0 0 0 2 0 0 0 0 0 3 0 2 0 0 0 96 0 0 0 255 255 255 255 4 0 2 0 0 0 0 0 data 12 0x20004 0x0 0x1b7cc020 0x1453 0x0 0x0 0x50005 0x0 0x185fe860 0x1453 0x0 0x0 oops 2 2 org/gradle/internal/dispatch/MethodInvocation 8 org/gradle/internal/event/BroadcastDispatch$CompositeDispatch
ciMethodData org/gradle/internal/event/BroadcastDispatch$CompositeDispatch dispatch (Lorg/gradle/internal/dispatch/MethodInvocation;)V 2 5591 orig 264 8 206 112 80 0 0 0 0 200 187 115 22 0 0 0 0 176 1 0 0 0 0 0 0 0 0 0 0 0 0 0 0 0 0 0 0 0 0 0 0 0 0 0 0 0 0 0 0 0 0 0 0 0 0 0 0 0 0 0 0 0 0 0 0 0 0 0 0 0 0 0 0 0 0 0 0 0 0 0 0 77 68 79 32 101 120 116 114 97 32 100 97 116 97 32 108 111 99 107 0 0 0 0 0 0 0 0 0 0 0 0 0 0 0 0 0 0 0 0 0 0 0 0 0 0 0 0 0 0 0 0 0 0 0 0 0 0 0 0 0 0 0 0 0 0 0 0 0 0 0 0 0 0 0 0 0 0 0 0 0 0 0 0 0 0 0 0 0 0 0 0 0 0 0 0 0 0 0 0 0 0 0 0 0 0 0 0 0 0 0 0 0 0 0 0 0 0 0 0 0 0 0 0 0 0 0 0 0 0 0 0 0 0 0 0 0 132 1 0 0 153 162 0 0 1 0 0 0 0 0 0 0 0 0 0 0 2 0 0 0 0 0 0 0 0 0 0 0 96 0 0 0 255 255 255 255 5 0 6 0 0 0 0 0 data 12 0x60005 0x0 0x1bf34390 0x1453 0x0 0x0 0xb0005 0x0 0x185fe860 0x1453 0x0 0x0 oops 2 2 java/util/ArrayList 8 org/gradle/internal/event/BroadcastDispatch$CompositeDispatch
ciMethodData org/gradle/internal/dispatch/MethodInvocation <init> (Ljava/lang/reflect/Method;[Ljava/lang/Object;)V 2 6853 orig 264 8 206 112 80 0 0 0 0 152 242 146 22 0 0 0 0 120 1 0 0 0 0 0 0 0 0 0 0 0 0 0 0 0 0 0 0 0 0 0 0 0 0 0 0 0 0 0 0 0 0 0 0 0 0 0 0 0 0 0 0 0 0 0 0 0 0 0 0 0 0 0 0 0 0 0 0 0 0 0 0 77 68 79 32 101 120 116 114 97 32 100 97 116 97 32 108 111 99 107 0 0 0 0 0 0 0 0 0 0 0 0 0 0 0 0 0 0 0 0 0 0 0 0 0 0 0 0 0 0 0 0 0 0 0 0 0 0 0 0 0 0 0 0 0 0 0 0 0 0 0 0 0 0 0 0 0 0 0 0 0 0 0 0 0 0 0 0 0 0 0 0 0 0 0 0 0 0 0 0 0 0 0 0 0 0 0 0 0 0 0 0 0 0 0 0 0 0 0 0 0 0 0 0 0 0 0 0 0 0 0 0 0 0 0 0 0 0 2 0 0 41 198 0 0 1 0 0 0 0 0 0 0 0 0 0 0 2 0 0 0 0 0 6 0 2 0 0 0 72 0 0 0 255 255 255 255 2 0 1 0 0 0 0 0 data 9 0x10002 0x18c5 0xb0007 0x18ab 0x38 0x1a 0x110003 0x1a 0x18 oops 0
ciMethodData org/gradle/internal/UncheckedException throwAsUncheckedException (Ljava/lang/Throwable;)Ljava/lang/RuntimeException; 1 11 orig 264 8 206 112 80 0 0 0 0 112 128 115 22 0 0 0 0 88 1 0 0 0 0 0 0 0 0 0 0 0 0 0 0 0 0 0 0 0 0 0 0 0 0 0 0 0 0 0 0 0 0 0 0 0 0 0 0 0 0 0 0 0 0 0 0 0 0 0 0 0 0 0 0 0 0 0 0 0 0 0 0 77 68 79 32 101 120 116 114 97 32 100 97 116 97 32 108 111 99 107 0 0 0 0 0 0 0 0 0 0 0 0 0 0 0 0 0 0 0 0 0 0 0 0 0 0 0 0 0 0 0 0 0 0 0 0 0 0 0 0 0 0 0 0 0 0 0 0 0 0 0 0 0 0 0 0 0 0 0 0 0 0 0 0 0 0 0 0 0 0 0 0 0 0 0 0 0 0 0 0 0 0 0 0 0 17 0 0 0 0 0 0 0 0 0 0 0 0 0 0 0 0 0 0 0 0 0 0 0 0 0 0 0 0 0 0 0 6 0 0 0 41 0 0 0 1 0 0 0 0 0 0 0 0 0 0 0 2 0 0 0 0 0 0 0 0 0 0 0 16 0 0 0 255 255 255 255 2 0 2 0 0 0 0 0 data 2 0x20002 0x5 oops 0
ciMethod java/lang/reflect/WeakCache$LookupValue <init> (Ljava/lang/Object;)V 801 1 180 0 -1
instanceKlass org/gradle/util/GradleVersion
instanceKlass com/google/common/base/Preconditions
instanceKlass com/google/common/collect/ImmutableSet$SetBuilderImpl
instanceKlass com/google/common/collect/ImmutableSet$SerializedForm
instanceKlass com/android/tools/idea/gradle/run/OutputBuildAction$PostBuildProjectModels
instanceKlass org/gradle/tooling/model/Model
instanceKlass com/android/tools/idea/gradle/run/OutputBuildAction
instanceKlass org/gradle/tooling/internal/consumer/versioning/VersionDetails
instanceKlass org/gradle/tooling/BuildAction
instanceKlass org/gradle/tooling/BuildController
instanceKlass org/gradle/tooling/internal/consumer/connection/InternalBuildControllerAdapter
instanceKlass org/gradle/tooling/internal/adapter/TargetTypeProvider
instanceKlass org/gradle/tooling/internal/consumer/connection/InternalBuildActionAdapter
instanceKlass org/gradle/internal/serialize/CausePlaceholder
instanceKlass org/gradle/internal/serialize/ExceptionPlaceholder$1
instanceKlass org/gradle/internal/serialize/ExceptionReplacingObjectOutputStream$2
instanceKlass org/gradle/cache/internal/btree/FileBackedBlockStore$1
instanceKlass org/gradle/internal/buildevents/BuildExceptionReporter$2
instanceKlass org/gradle/internal/logging/text/BufferingStyledTextOutput$ChangeStyleAction
